#
# There is insufficient memory for the Java Runtime Environment to continue.
# Native memory allocation (malloc) failed to allocate 406928 bytes for Chunk::new
# Possible reasons:
#   The system is out of physical RAM or swap space
#   The process is running with CompressedOops enabled, and the Java Heap may be blocking the growth of the native heap
# Possible solutions:
#   Reduce memory load on the system
#   Increase physical memory or swap space
#   Check if swap backing store is full
#   Decrease Java heap size (-Xmx/-Xms)
#   Decrease number of Java threads
#   Decrease Java thread stack sizes (-Xss)
#   Set larger code cache with -XX:ReservedCodeCacheSize=
#   JVM is running with Unscaled Compressed Oops mode in which the Java heap is
#     placed in the first 4GB address space. The Java Heap base address is the
#     maximum limit for the native heap growth. Please use -XX:HeapBaseMinAddress
#     to set the Java Heap base and to place the Java Heap above 4GB virtual address.
# This output file may be truncated or incomplete.
#
#  Out of Memory Error (arena.cpp:168), pid=16232, tid=18096
#
# JRE version: Java(TM) SE Runtime Environment (21.0.2+13) (build 21.0.2+13-LTS-58)
# Java VM: Java HotSpot(TM) 64-Bit Server VM (21.0.2+13-LTS-58, mixed mode, sharing, tiered, compressed oops, compressed class ptrs, g1 gc, windows-amd64)
# No core dump will be written. Minidumps are not enabled by default on client versions of Windows
#

---------------  S U M M A R Y ------------

Command Line: -ea -Didea.test.cyclic.buffer.size=1048576 -javaagent:C:\Program Files\JetBrains\IntelliJ IDEA Community Edition 2023.3.3\lib\idea_rt.jar=60055:C:\Program Files\JetBrains\IntelliJ IDEA Community Edition 2023.3.3\bin -Dfile.encoding=UTF-8 -Dsun.stdout.encoding=UTF-8 -Dsun.stderr.encoding=UTF-8 com.intellij.rt.testng.RemoteTestNGStarter -usedefaultlisteners false -socket60054 @w@C:\Users\Abbey\AppData\Local\Temp\idea_working_dirs_testng.tmp -temp C:\Users\Abbey\AppData\Local\Temp\idea_testng.tmp

Host: Intel(R) Core(TM) m3-7Y30 CPU @ 1.00GHz, 4 cores, 3G,  Windows 10 , 64 bit Build 19041 (10.0.19041.3636)
Time: Mon Mar 18 12:13:18 2024 Arab Standard Time elapsed time: 9.315806 seconds (0d 0h 0m 9s)

---------------  T H R E A D  ---------------

Current thread (0x000001c8cb79ee20):  JavaThread "C2 CompilerThread0" daemon [_thread_in_native, id=18096, stack(0x0000001de6b00000,0x0000001de6c00000) (1024K)]


Current CompileTask:
C2:   9315 2140   !   4       java.util.concurrent.ConcurrentHashMap::transfer (849 bytes)

Stack: [0x0000001de6b00000,0x0000001de6c00000]
Native frames: (J=compiled Java code, j=interpreted, Vv=VM code, C=native code)
V  [jvm.dll+0x6cade9]
V  [jvm.dll+0x8569c1]
V  [jvm.dll+0x858d2e]
V  [jvm.dll+0x859413]
V  [jvm.dll+0x280e56]
V  [jvm.dll+0xc3f3d]
V  [jvm.dll+0xc4473]
V  [jvm.dll+0x3b5c2c]
V  [jvm.dll+0x382855]
V  [jvm.dll+0x381cca]
V  [jvm.dll+0x249bd0]
V  [jvm.dll+0x2491b1]
V  [jvm.dll+0x1c9634]
V  [jvm.dll+0x258859]
V  [jvm.dll+0x256e3a]
V  [jvm.dll+0x3ef6c6]
V  [jvm.dll+0x7ff568]
V  [jvm.dll+0x6c953d]
C  [ucrtbase.dll+0x21bb2]
C  [KERNEL32.DLL+0x17344]
C  [ntdll.dll+0x526b1]


---------------  P R O C E S S  ---------------

Threads class SMR info:
_java_thread_list=0x000001c911dcaa50, length=39, elements={
0x000001c8b0b85a20, 0x000001c8cb790160, 0x000001c8cb792570, 0x000001c8cb794c00,
0x000001c8cb795860, 0x000001c8cb7986d0, 0x000001c8cb7998d0, 0x000001c8cb79ee20,
0x000001c8cb7a5d10, 0x000001c8cb77b610, 0x000001c8cbae0b80, 0x000001c8cbae3e10,
0x000001c911798140, 0x000001c911798c30, 0x000001c911c73ed0, 0x000001c9121fead0,
0x000001c912072100, 0x000001c911ce5fa0, 0x000001c911ce8070, 0x000001c911ce8700,
0x000001c911ce5280, 0x000001c911ce6630, 0x000001c911ce6cc0, 0x000001c911ce7350,
0x000001c911ce5910, 0x000001c911ce79e0, 0x000001c911dd92b0, 0x000001c911dd57a0,
0x000001c911ddacf0, 0x000001c911dda660, 0x000001c911ddb380, 0x000001c911dd7f00,
0x000001c911dd5110, 0x000001c911dd8590, 0x000001c911dd8c20, 0x000001c911dd9940,
0x000001c911ddc730, 0x000001c911ddc0a0, 0x000001c911dd71e0
}

Java Threads: ( => current thread )
  0x000001c8b0b85a20 JavaThread "main"                              [_thread_blocked, id=15816, stack(0x0000001de5d00000,0x0000001de5e00000) (1024K)]
  0x000001c8cb790160 JavaThread "Reference Handler"          daemon [_thread_blocked, id=15984, stack(0x0000001de6500000,0x0000001de6600000) (1024K)]
  0x000001c8cb792570 JavaThread "Finalizer"                  daemon [_thread_blocked, id=4816, stack(0x0000001de6600000,0x0000001de6700000) (1024K)]
  0x000001c8cb794c00 JavaThread "Signal Dispatcher"          daemon [_thread_blocked, id=13224, stack(0x0000001de6700000,0x0000001de6800000) (1024K)]
  0x000001c8cb795860 JavaThread "Attach Listener"            daemon [_thread_blocked, id=12228, stack(0x0000001de6800000,0x0000001de6900000) (1024K)]
  0x000001c8cb7986d0 JavaThread "Service Thread"             daemon [_thread_blocked, id=1968, stack(0x0000001de6900000,0x0000001de6a00000) (1024K)]
  0x000001c8cb7998d0 JavaThread "Monitor Deflation Thread"   daemon [_thread_blocked, id=12192, stack(0x0000001de6a00000,0x0000001de6b00000) (1024K)]
=>0x000001c8cb79ee20 JavaThread "C2 CompilerThread0"         daemon [_thread_in_native, id=18096, stack(0x0000001de6b00000,0x0000001de6c00000) (1024K)]
  0x000001c8cb7a5d10 JavaThread "C1 CompilerThread0"         daemon [_thread_in_vm, id=6368, stack(0x0000001de6c00000,0x0000001de6d00000) (1024K)]
  0x000001c8cb77b610 JavaThread "Common-Cleaner"             daemon [_thread_blocked, id=2540, stack(0x0000001de6d00000,0x0000001de6e00000) (1024K)]
  0x000001c8cbae0b80 JavaThread "Monitor Ctrl-Break"         daemon [_thread_in_native, id=22068, stack(0x0000001de6e00000,0x0000001de6f00000) (1024K)]
  0x000001c8cbae3e10 JavaThread "Notification Thread"        daemon [_thread_blocked, id=3576, stack(0x0000001de6f00000,0x0000001de7000000) (1024K)]
  0x000001c911798140 JavaThread "TestNG-PoolService-1"              [_thread_in_Java, id=22988, stack(0x0000001de7000000,0x0000001de7100000) (1024K)]
  0x000001c911798c30 JavaThread "TestNG-PoolService-2"              [_thread_blocked, id=3184, stack(0x0000001de7400000,0x0000001de7500000) (1024K)]
  0x000001c911c73ed0 JavaThread "ForkJoinPool.commonPool-worker-1" daemon [_thread_blocked, id=19332, stack(0x0000001de7500000,0x0000001de7600000) (1024K)]
  0x000001c9121fead0 JavaThread "HttpClient-2-SelectorManager" daemon [_thread_in_native, id=11352, stack(0x0000001de7600000,0x0000001de7700000) (1024K)]
  0x000001c912072100 JavaThread "HttpClient-1-SelectorManager" daemon [_thread_in_native, id=19548, stack(0x0000001de7700000,0x0000001de7800000) (1024K)]
  0x000001c911ce5fa0 JavaThread "External Process Output Forwarder - C:\Users\Abbey\.cache\selenium\chromedriver\win64\122.0.6261.128\chromedriver.exe" daemon [_thread_in_native, id=10288, stack(0x0000001de7800000,0x0000001de7900000) (1024K)]
  0x000001c911ce8070 JavaThread "Driver Service Executor"    daemon [_thread_blocked, id=9532, stack(0x0000001de7900000,0x0000001de7a00000) (1024K)]
  0x000001c911ce8700 JavaThread "Driver Service Executor"    daemon [_thread_in_native, id=8760, stack(0x0000001de7a00000,0x0000001de7b00000) (1024K)]
  0x000001c911ce5280 JavaThread "External Process Output Forwarder - C:\Users\Abbey\.cache\selenium\chromedriver\win64\122.0.6261.128\chromedriver.exe" daemon [_thread_in_native, id=12200, stack(0x0000001de7b00000,0x0000001de7c00000) (1024K)]
  0x000001c911ce6630 JavaThread "Driver Service Executor"    daemon [_thread_blocked, id=8788, stack(0x0000001de7c00000,0x0000001de7d00000) (1024K)]
  0x000001c911ce6cc0 JavaThread "Driver Service Executor"    daemon [_thread_in_native, id=11364, stack(0x0000001de7d00000,0x0000001de7e00000) (1024K)]
  0x000001c911ce7350 JavaThread "UrlChecker-2"               daemon [_thread_blocked, id=13120, stack(0x0000001de7e00000,0x0000001de7f00000) (1024K)]
  0x000001c911ce5910 JavaThread "UrlChecker-3"               daemon [_thread_blocked, id=12800, stack(0x0000001de7f00000,0x0000001de8000000) (1024K)]
  0x000001c911ce79e0 JavaThread "Keep-Alive-Timer"           daemon [_thread_blocked, id=3544, stack(0x0000001de8100000,0x0000001de8200000) (1024K)]
  0x000001c911dd92b0 JavaThread "pool-2-thread-1"                   [_thread_blocked, id=14768, stack(0x0000001de8200000,0x0000001de8300000) (1024K)]
  0x000001c911dd57a0 JavaThread "pool-1-thread-1"                   [_thread_blocked, id=18912, stack(0x0000001de8300000,0x0000001de8400000) (1024K)]
  0x000001c911ddacf0 JavaThread "pool-1-thread-2"                   [_thread_blocked, id=13452, stack(0x0000001de8400000,0x0000001de8500000) (1024K)]
  0x000001c911dda660 JavaThread "pool-2-thread-2"                   [_thread_blocked, id=14528, stack(0x0000001de8500000,0x0000001de8600000) (1024K)]
  0x000001c911ddb380 JavaThread "pool-2-thread-3"                   [_thread_blocked, id=18144, stack(0x0000001de8600000,0x0000001de8700000) (1024K)]
  0x000001c911dd7f00 JavaThread "pool-1-thread-3"                   [_thread_blocked, id=17028, stack(0x0000001de8700000,0x0000001de8800000) (1024K)]
  0x000001c911dd5110 JavaThread "ForkJoinPool.commonPool-worker-2" daemon [_thread_blocked, id=580, stack(0x0000001de8800000,0x0000001de8900000) (1024K)]
  0x000001c911dd8590 JavaThread "HttpClient-3-SelectorManager" daemon [_thread_in_native, id=13968, stack(0x0000001de8900000,0x0000001de8a00000) (1024K)]
  0x000001c911dd8c20 JavaThread "pool-3-thread-1"                   [_thread_blocked, id=13088, stack(0x0000001de8a00000,0x0000001de8b00000) (1024K)]
  0x000001c911dd9940 JavaThread "pool-3-thread-2"                   [_thread_blocked, id=10624, stack(0x0000001de8b00000,0x0000001de8c00000) (1024K)]
  0x000001c911ddc730 JavaThread "pool-3-thread-3"                   [_thread_blocked, id=19588, stack(0x0000001de8c00000,0x0000001de8d00000) (1024K)]
  0x000001c911ddc0a0 JavaThread "HttpClient-4-SelectorManager" daemon [_thread_in_native, id=15104, stack(0x0000001de8d00000,0x0000001de8e00000) (1024K)]
  0x000001c911dd71e0 JavaThread "pool-4-thread-1"                   [_thread_blocked, id=23076, stack(0x0000001de8e00000,0x0000001de8f00000) (1024K)]
Total: 39

Other Threads:
  0x000001c8b0c410f0 VMThread "VM Thread"                           [id=16656, stack(0x0000001de6400000,0x0000001de6500000) (1024K)]
  0x000001c8cb77aa00 WatcherThread "VM Periodic Task Thread"        [id=436, stack(0x0000001de6300000,0x0000001de6400000) (1024K)]
  0x000001c8b0bbf720 WorkerThread "GC Thread#0"                     [id=21008, stack(0x0000001de5e00000,0x0000001de5f00000) (1024K)]
  0x000001c91168b170 WorkerThread "GC Thread#1"                     [id=5040, stack(0x0000001de7100000,0x0000001de7200000) (1024K)]
  0x000001c9116bbc20 WorkerThread "GC Thread#2"                     [id=13540, stack(0x0000001de7200000,0x0000001de7300000) (1024K)]
  0x000001c9116bbfc0 WorkerThread "GC Thread#3"                     [id=20728, stack(0x0000001de7300000,0x0000001de7400000) (1024K)]
  0x000001c8b0bc8190 ConcurrentGCThread "G1 Main Marker"            [id=14740, stack(0x0000001de5f00000,0x0000001de6000000) (1024K)]
  0x000001c8b0bc8ba0 WorkerThread "G1 Conc#0"                       [id=7964, stack(0x0000001de6000000,0x0000001de6100000) (1024K)]
  0x000001c8b0c150d0 ConcurrentGCThread "G1 Refine#0"               [id=6340, stack(0x0000001de6100000,0x0000001de6200000) (1024K)]
  0x000001c8b0c15b50 ConcurrentGCThread "G1 Service"                [id=13868, stack(0x0000001de6200000,0x0000001de6300000) (1024K)]
Total: 10

Threads with active compile tasks:
C2 CompilerThread0     9384 2140   !   4       java.util.concurrent.ConcurrentHashMap::transfer (849 bytes)
Total: 1

VM state: not at safepoint (normal execution)

VM Mutex/Monitor currently owned by a thread: None

Heap address: 0x00000000c2800000, size: 984 MB, Compressed Oops mode: 32-bit

CDS archive(s) mapped at: [0x000001c8cc000000-0x000001c8ccc90000-0x000001c8ccc90000), size 13172736, SharedBaseAddress: 0x000001c8cc000000, ArchiveRelocationMode: 1.
Compressed class space mapped at: 0x000001c8cd000000-0x000001c90d000000, reserved size: 1073741824
Narrow klass base: 0x000001c8cc000000, Narrow klass shift: 0, Narrow klass range: 0x100000000

GC Precious Log:
 CardTable entry size: 512
 Card Set container configuration: InlinePtr #cards 5 size 8 Array Of Cards #cards 12 size 40 Howl #buckets 4 coarsen threshold 1843 Howl Bitmap #cards 512 size 80 coarsen threshold 460 Card regions per heap region 1 cards per card region 2048
 CPUs: 4 total, 4 available
 Memory: 3930M
 Large Page Support: Disabled
 NUMA Support: Disabled
 Compressed Oops: Enabled (32-bit)
 Heap Region Size: 1M
 Heap Min Capacity: 8M
 Heap Initial Capacity: 62M
 Heap Max Capacity: 984M
 Pre-touch: Disabled
 Parallel Workers: 4
 Concurrent Workers: 1
 Concurrent Refinement Workers: 4
 Periodic GC: Disabled

Heap:
 garbage-first heap   total 63488K, used 22863K [0x00000000c2800000, 0x0000000100000000)
  region size 1024K, 20 young (20480K), 2 survivors (2048K)
 Metaspace       used 16470K, committed 16960K, reserved 1114112K
  class space    used 2087K, committed 2304K, reserved 1048576K

Heap Regions: E=young(eden), S=young(survivor), O=old, HS=humongous(starts), HC=humongous(continues), CS=collection set, F=free, TAMS=top-at-mark-start, PB=parsable bottom
|   0|0x00000000c2800000, 0x00000000c2900000, 0x00000000c2900000|100%| O|  |TAMS 0x00000000c2800000| PB 0x00000000c2800000| Untracked 
|   1|0x00000000c2900000, 0x00000000c2a00000, 0x00000000c2a00000|100%| O|  |TAMS 0x00000000c2900000| PB 0x00000000c2900000| Untracked 
|   2|0x00000000c2a00000, 0x00000000c2b00000, 0x00000000c2b00000|100%| O|  |TAMS 0x00000000c2a00000| PB 0x00000000c2a00000| Untracked 
|   3|0x00000000c2b00000, 0x00000000c2c00000, 0x00000000c2c00000|100%| O|  |TAMS 0x00000000c2b00000| PB 0x00000000c2b00000| Untracked 
|   4|0x00000000c2c00000, 0x00000000c2c99858, 0x00000000c2d00000| 59%| O|  |TAMS 0x00000000c2c00000| PB 0x00000000c2c00000| Untracked 
|   5|0x00000000c2d00000, 0x00000000c2d00000, 0x00000000c2e00000|  0%| F|  |TAMS 0x00000000c2d00000| PB 0x00000000c2d00000| Untracked 
|   6|0x00000000c2e00000, 0x00000000c2e00000, 0x00000000c2f00000|  0%| F|  |TAMS 0x00000000c2e00000| PB 0x00000000c2e00000| Untracked 
|   7|0x00000000c2f00000, 0x00000000c2f00000, 0x00000000c3000000|  0%| F|  |TAMS 0x00000000c2f00000| PB 0x00000000c2f00000| Untracked 
|   8|0x00000000c3000000, 0x00000000c3000000, 0x00000000c3100000|  0%| F|  |TAMS 0x00000000c3000000| PB 0x00000000c3000000| Untracked 
|   9|0x00000000c3100000, 0x00000000c3100000, 0x00000000c3200000|  0%| F|  |TAMS 0x00000000c3100000| PB 0x00000000c3100000| Untracked 
|  10|0x00000000c3200000, 0x00000000c3200000, 0x00000000c3300000|  0%| F|  |TAMS 0x00000000c3200000| PB 0x00000000c3200000| Untracked 
|  11|0x00000000c3300000, 0x00000000c3300000, 0x00000000c3400000|  0%| F|  |TAMS 0x00000000c3300000| PB 0x00000000c3300000| Untracked 
|  12|0x00000000c3400000, 0x00000000c3400000, 0x00000000c3500000|  0%| F|  |TAMS 0x00000000c3400000| PB 0x00000000c3400000| Untracked 
|  13|0x00000000c3500000, 0x00000000c3500000, 0x00000000c3600000|  0%| F|  |TAMS 0x00000000c3500000| PB 0x00000000c3500000| Untracked 
|  14|0x00000000c3600000, 0x00000000c3600000, 0x00000000c3700000|  0%| F|  |TAMS 0x00000000c3600000| PB 0x00000000c3600000| Untracked 
|  15|0x00000000c3700000, 0x00000000c3700000, 0x00000000c3800000|  0%| F|  |TAMS 0x00000000c3700000| PB 0x00000000c3700000| Untracked 
|  16|0x00000000c3800000, 0x00000000c3800000, 0x00000000c3900000|  0%| F|  |TAMS 0x00000000c3800000| PB 0x00000000c3800000| Untracked 
|  17|0x00000000c3900000, 0x00000000c3900000, 0x00000000c3a00000|  0%| F|  |TAMS 0x00000000c3900000| PB 0x00000000c3900000| Untracked 
|  18|0x00000000c3a00000, 0x00000000c3a00000, 0x00000000c3b00000|  0%| F|  |TAMS 0x00000000c3a00000| PB 0x00000000c3a00000| Untracked 
|  19|0x00000000c3b00000, 0x00000000c3b00000, 0x00000000c3c00000|  0%| F|  |TAMS 0x00000000c3b00000| PB 0x00000000c3b00000| Untracked 
|  20|0x00000000c3c00000, 0x00000000c3c00000, 0x00000000c3d00000|  0%| F|  |TAMS 0x00000000c3c00000| PB 0x00000000c3c00000| Untracked 
|  21|0x00000000c3d00000, 0x00000000c3d00000, 0x00000000c3e00000|  0%| F|  |TAMS 0x00000000c3d00000| PB 0x00000000c3d00000| Untracked 
|  22|0x00000000c3e00000, 0x00000000c3e00000, 0x00000000c3f00000|  0%| F|  |TAMS 0x00000000c3e00000| PB 0x00000000c3e00000| Untracked 
|  23|0x00000000c3f00000, 0x00000000c3f00000, 0x00000000c4000000|  0%| F|  |TAMS 0x00000000c3f00000| PB 0x00000000c3f00000| Untracked 
|  24|0x00000000c4000000, 0x00000000c4000000, 0x00000000c4100000|  0%| F|  |TAMS 0x00000000c4000000| PB 0x00000000c4000000| Untracked 
|  25|0x00000000c4100000, 0x00000000c4100000, 0x00000000c4200000|  0%| F|  |TAMS 0x00000000c4100000| PB 0x00000000c4100000| Untracked 
|  26|0x00000000c4200000, 0x00000000c4200000, 0x00000000c4300000|  0%| F|  |TAMS 0x00000000c4200000| PB 0x00000000c4200000| Untracked 
|  27|0x00000000c4300000, 0x00000000c4300000, 0x00000000c4400000|  0%| F|  |TAMS 0x00000000c4300000| PB 0x00000000c4300000| Untracked 
|  28|0x00000000c4400000, 0x00000000c4400000, 0x00000000c4500000|  0%| F|  |TAMS 0x00000000c4400000| PB 0x00000000c4400000| Untracked 
|  29|0x00000000c4500000, 0x00000000c4500000, 0x00000000c4600000|  0%| F|  |TAMS 0x00000000c4500000| PB 0x00000000c4500000| Untracked 
|  30|0x00000000c4600000, 0x00000000c4600000, 0x00000000c4700000|  0%| F|  |TAMS 0x00000000c4600000| PB 0x00000000c4600000| Untracked 
|  31|0x00000000c4700000, 0x00000000c4700000, 0x00000000c4800000|  0%| F|  |TAMS 0x00000000c4700000| PB 0x00000000c4700000| Untracked 
|  32|0x00000000c4800000, 0x00000000c4800000, 0x00000000c4900000|  0%| F|  |TAMS 0x00000000c4800000| PB 0x00000000c4800000| Untracked 
|  33|0x00000000c4900000, 0x00000000c4900000, 0x00000000c4a00000|  0%| F|  |TAMS 0x00000000c4900000| PB 0x00000000c4900000| Untracked 
|  34|0x00000000c4a00000, 0x00000000c4a00000, 0x00000000c4b00000|  0%| F|  |TAMS 0x00000000c4a00000| PB 0x00000000c4a00000| Untracked 
|  35|0x00000000c4b00000, 0x00000000c4b00000, 0x00000000c4c00000|  0%| F|  |TAMS 0x00000000c4b00000| PB 0x00000000c4b00000| Untracked 
|  36|0x00000000c4c00000, 0x00000000c4c00000, 0x00000000c4d00000|  0%| F|  |TAMS 0x00000000c4c00000| PB 0x00000000c4c00000| Untracked 
|  37|0x00000000c4d00000, 0x00000000c4d00000, 0x00000000c4e00000|  0%| F|  |TAMS 0x00000000c4d00000| PB 0x00000000c4d00000| Untracked 
|  38|0x00000000c4e00000, 0x00000000c4e00000, 0x00000000c4f00000|  0%| F|  |TAMS 0x00000000c4e00000| PB 0x00000000c4e00000| Untracked 
|  39|0x00000000c4f00000, 0x00000000c4f00000, 0x00000000c5000000|  0%| F|  |TAMS 0x00000000c4f00000| PB 0x00000000c4f00000| Untracked 
|  40|0x00000000c5000000, 0x00000000c5000000, 0x00000000c5100000|  0%| F|  |TAMS 0x00000000c5000000| PB 0x00000000c5000000| Untracked 
|  41|0x00000000c5100000, 0x00000000c5100000, 0x00000000c5200000|  0%| F|  |TAMS 0x00000000c5100000| PB 0x00000000c5100000| Untracked 
|  42|0x00000000c5200000, 0x00000000c52a7978, 0x00000000c5300000| 65%| E|  |TAMS 0x00000000c5200000| PB 0x00000000c5200000| Complete 
|  43|0x00000000c5300000, 0x00000000c5400000, 0x00000000c5400000|100%| E|CS|TAMS 0x00000000c5300000| PB 0x00000000c5300000| Complete 
|  44|0x00000000c5400000, 0x00000000c5500000, 0x00000000c5500000|100%| E|CS|TAMS 0x00000000c5400000| PB 0x00000000c5400000| Complete 
|  45|0x00000000c5500000, 0x00000000c55ba650, 0x00000000c5600000| 72%| S|CS|TAMS 0x00000000c5500000| PB 0x00000000c5500000| Complete 
|  46|0x00000000c5600000, 0x00000000c5700000, 0x00000000c5700000|100%| S|CS|TAMS 0x00000000c5600000| PB 0x00000000c5600000| Complete 
|  47|0x00000000c5700000, 0x00000000c5800000, 0x00000000c5800000|100%| E|CS|TAMS 0x00000000c5700000| PB 0x00000000c5700000| Complete 
|  48|0x00000000c5800000, 0x00000000c5900000, 0x00000000c5900000|100%| E|CS|TAMS 0x00000000c5800000| PB 0x00000000c5800000| Complete 
|  49|0x00000000c5900000, 0x00000000c5a00000, 0x00000000c5a00000|100%| E|CS|TAMS 0x00000000c5900000| PB 0x00000000c5900000| Complete 
|  50|0x00000000c5a00000, 0x00000000c5b00000, 0x00000000c5b00000|100%| E|CS|TAMS 0x00000000c5a00000| PB 0x00000000c5a00000| Complete 
|  51|0x00000000c5b00000, 0x00000000c5c00000, 0x00000000c5c00000|100%| E|CS|TAMS 0x00000000c5b00000| PB 0x00000000c5b00000| Complete 
|  52|0x00000000c5c00000, 0x00000000c5d00000, 0x00000000c5d00000|100%| E|CS|TAMS 0x00000000c5c00000| PB 0x00000000c5c00000| Complete 
|  53|0x00000000c5d00000, 0x00000000c5e00000, 0x00000000c5e00000|100%| E|CS|TAMS 0x00000000c5d00000| PB 0x00000000c5d00000| Complete 
|  54|0x00000000c5e00000, 0x00000000c5f00000, 0x00000000c5f00000|100%| E|CS|TAMS 0x00000000c5e00000| PB 0x00000000c5e00000| Complete 
|  55|0x00000000c5f00000, 0x00000000c6000000, 0x00000000c6000000|100%| E|CS|TAMS 0x00000000c5f00000| PB 0x00000000c5f00000| Complete 
|  56|0x00000000c6000000, 0x00000000c6100000, 0x00000000c6100000|100%| E|CS|TAMS 0x00000000c6000000| PB 0x00000000c6000000| Complete 
|  57|0x00000000c6100000, 0x00000000c6200000, 0x00000000c6200000|100%| E|CS|TAMS 0x00000000c6100000| PB 0x00000000c6100000| Complete 
|  58|0x00000000c6200000, 0x00000000c6300000, 0x00000000c6300000|100%| E|CS|TAMS 0x00000000c6200000| PB 0x00000000c6200000| Complete 
|  59|0x00000000c6300000, 0x00000000c6400000, 0x00000000c6400000|100%| E|CS|TAMS 0x00000000c6300000| PB 0x00000000c6300000| Complete 
|  60|0x00000000c6400000, 0x00000000c6500000, 0x00000000c6500000|100%| E|  |TAMS 0x00000000c6400000| PB 0x00000000c6400000| Complete 
|  61|0x00000000c6500000, 0x00000000c6600000, 0x00000000c6600000|100%| E|CS|TAMS 0x00000000c6500000| PB 0x00000000c6500000| Complete 

Card table byte_map: [0x000001c8c81e0000,0x000001c8c83d0000] _byte_map_base: 0x000001c8c7bcc000

Marking Bits: (CMBitMap*) 0x000001c8b0bbfd30
 Bits: [0x000001c8c83d0000, 0x000001c8c9330000)

Polling page: 0x000001c8aeac0000

Metaspace:

Usage:
  Non-class:     14.07 MB used.
      Class:      2.04 MB used.
       Both:     16.11 MB used.

Virtual space:
  Non-class space:       64.00 MB reserved,      14.38 MB ( 22%) committed,  1 nodes.
      Class space:        1.00 GB reserved,       2.25 MB ( <1%) committed,  1 nodes.
             Both:        1.06 GB reserved,      16.62 MB (  2%) committed. 

Chunk freelists:
   Non-Class:  1.22 MB
       Class:  13.75 MB
        Both:  14.97 MB

MaxMetaspaceSize: unlimited
CompressedClassSpaceSize: 1.00 GB
Initial GC threshold: 21.00 MB
Current GC threshold: 21.00 MB
CDS: on
 - commit_granule_bytes: 65536.
 - commit_granule_words: 8192.
 - virtual_space_node_default_size: 8388608.
 - enlarge_chunks_in_place: 1.
 - use_allocation_guard: 0.


Internal statistics:

num_allocs_failed_limit: 0.
num_arena_births: 616.
num_arena_deaths: 0.
num_vsnodes_births: 2.
num_vsnodes_deaths: 0.
num_space_committed: 266.
num_space_uncommitted: 0.
num_chunks_returned_to_freelist: 0.
num_chunks_taken_from_freelist: 1134.
num_chunk_merges: 0.
num_chunk_splits: 640.
num_chunks_enlarged: 280.
num_inconsistent_stats: 0.

CodeHeap 'non-profiled nmethods': size=120000Kb used=835Kb max_used=835Kb free=119165Kb
 bounds [0x000001c8c0ac0000, 0x000001c8c0d30000, 0x000001c8c7ff0000]
CodeHeap 'profiled nmethods': size=120000Kb used=4121Kb max_used=4121Kb free=115878Kb
 bounds [0x000001c8b8ff0000, 0x000001c8b9400000, 0x000001c8c0520000]
CodeHeap 'non-nmethods': size=5760Kb used=1508Kb max_used=1532Kb free=4251Kb
 bounds [0x000001c8c0520000, 0x000001c8c0790000, 0x000001c8c0ac0000]
 total_blobs=2777 nmethods=2197 adapters=484
 compilation: enabled
              stopped_count=0, restarted_count=0
 full_count=0

Compilation events (20 events):
Event: 9.254 Thread 0x000001c8cb79ee20 nmethod 2109 0x000001c8c0b8d190 code [0x000001c8c0b8d440, 0x000001c8c0b8ebf8]
Event: 9.254 Thread 0x000001c8cb7a5d10 2160       3       java.util.Collections$UnmodifiableCollection$1::hasNext (10 bytes)
Event: 9.254 Thread 0x000001c8cb79ee20 2120       4       org.openqa.selenium.json.Input::peek (24 bytes)
Event: 9.254 Thread 0x000001c8cb7a5d10 nmethod 2160 0x000001c8b93df390 code [0x000001c8b93df540, 0x000001c8b93df718]
Event: 9.265 Thread 0x000001c8cb79ee20 nmethod 2120 0x000001c8c0b8f710 code [0x000001c8c0b8f8e0, 0x000001c8c0b8fc80]
Event: 9.265 Thread 0x000001c8cb79ee20 2135       4       jdk.internal.misc.Unsafe::getLong (7 bytes)
Event: 9.266 Thread 0x000001c8cb79ee20 nmethod 2135 0x000001c8c0b8ff10 code [0x000001c8c0b900a0, 0x000001c8c0b90130]
Event: 9.266 Thread 0x000001c8cb79ee20 2140   !   4       java.util.concurrent.ConcurrentHashMap::transfer (849 bytes)
Event: 9.271 Thread 0x000001c8cb7a5d10 2161       3       java.lang.Math::multiplyExact (74 bytes)
Event: 9.272 Thread 0x000001c8cb7a5d10 nmethod 2161 0x000001c8b93df810 code [0x000001c8b93dfa00, 0x000001c8b93dff18]
Event: 9.274 Thread 0x000001c8cb7a5d10 2162       3       java.util.Collections$UnmodifiableCollection::contains (11 bytes)
Event: 9.274 Thread 0x000001c8cb7a5d10 nmethod 2162 0x000001c8b93e0090 code [0x000001c8b93e0240, 0x000001c8b93e0418]
Event: 9.274 Thread 0x000001c8cb7a5d10 2163       3       java.util.ArrayList$Itr::checkForComodification (23 bytes)
Event: 9.283 Thread 0x000001c8cb7a5d10 nmethod 2163 0x000001c8b93e0510 code [0x000001c8b93e06c0, 0x000001c8b93e0890]
Event: 9.285 Thread 0x000001c8cb7a5d10 2164       3       java.util.ArrayList$Itr::next (66 bytes)
Event: 9.285 Thread 0x000001c8cb7a5d10 nmethod 2164 0x000001c8b93e0990 code [0x000001c8b93e0b80, 0x000001c8b93e0fb0]
Event: 9.287 Thread 0x000001c8cb7a5d10 2165       3       java.nio.MappedByteBuffer::position (6 bytes)
Event: 9.287 Thread 0x000001c8cb7a5d10 nmethod 2165 0x000001c8b93e1190 code [0x000001c8b93e1340, 0x000001c8b93e1550]
Event: 9.288 Thread 0x000001c8cb7a5d10 2166       3       java.net.URI$Parser::scan (41 bytes)
Event: 9.290 Thread 0x000001c8cb7a5d10 nmethod 2166 0x000001c8b93e1690 code [0x000001c8b93e18c0, 0x000001c8b93e2018]

GC Heap History (4 events):
Event: 1.274 GC heap before
{Heap before GC invocations=0 (full 0):
 garbage-first heap   total 63488K, used 13312K [0x00000000c2800000, 0x0000000100000000)
  region size 1024K, 13 young (13312K), 0 survivors (0K)
 Metaspace       used 5540K, committed 5824K, reserved 1114112K
  class space    used 589K, committed 704K, reserved 1048576K
}
Event: 1.284 GC heap after
{Heap after GC invocations=1 (full 0):
 garbage-first heap   total 63488K, used 4480K [0x00000000c2800000, 0x0000000100000000)
  region size 1024K, 2 young (2048K), 2 survivors (2048K)
 Metaspace       used 5540K, committed 5824K, reserved 1114112K
  class space    used 589K, committed 704K, reserved 1048576K
}
Event: 3.612 GC heap before
{Heap before GC invocations=1 (full 0):
 garbage-first heap   total 63488K, used 17792K [0x00000000c2800000, 0x0000000100000000)
  region size 1024K, 15 young (15360K), 2 survivors (2048K)
 Metaspace       used 10408K, committed 10880K, reserved 1114112K
  class space    used 1269K, committed 1472K, reserved 1048576K
}
Event: 3.621 GC heap after
{Heap after GC invocations=2 (full 0):
 garbage-first heap   total 63488K, used 6479K [0x00000000c2800000, 0x0000000100000000)
  region size 1024K, 2 young (2048K), 2 survivors (2048K)
 Metaspace       used 10408K, committed 10880K, reserved 1114112K
  class space    used 1269K, committed 1472K, reserved 1048576K
}

Dll operation events (12 events):
Event: 0.019 Loaded shared library C:\Program Files\Java\jdk-21\bin\java.dll
Event: 0.083 Loaded shared library C:\Program Files\Java\jdk-21\bin\jsvml.dll
Event: 0.262 Loaded shared library C:\Program Files\Java\jdk-21\bin\zip.dll
Event: 0.269 Loaded shared library C:\Program Files\Java\jdk-21\bin\instrument.dll
Event: 0.277 Loaded shared library C:\Program Files\Java\jdk-21\bin\net.dll
Event: 0.281 Loaded shared library C:\Program Files\Java\jdk-21\bin\nio.dll
Event: 0.288 Loaded shared library C:\Program Files\Java\jdk-21\bin\zip.dll
Event: 0.307 Loaded shared library C:\Program Files\JetBrains\IntelliJ IDEA Community Edition 2023.3.3\bin\breakgen64.dll
Event: 0.329 Loaded shared library C:\Program Files\Java\jdk-21\bin\extnet.dll
Event: 0.477 Loaded shared library C:\Program Files\Java\jdk-21\bin\verify.dll
Event: 0.487 Loaded shared library C:\Program Files\Java\jdk-21\bin\jimage.dll
Event: 3.872 Loaded shared library C:\Program Files\Java\jdk-21\bin\sunmscapi.dll

Deoptimization events (20 events):
Event: 3.981 Thread 0x000001c911798140 DEOPT PACKING pc=0x000001c8c0b72384 sp=0x0000001de70fd920
Event: 3.981 Thread 0x000001c911798c30 DEOPT PACKING pc=0x000001c8c0b72384 sp=0x0000001de74fdb40
Event: 3.981 Thread 0x000001c911798c30 DEOPT UNPACKING pc=0x000001c8c05746a2 sp=0x0000001de74fdb00 mode 2
Event: 3.981 Thread 0x000001c911798140 DEOPT UNPACKING pc=0x000001c8c05746a2 sp=0x0000001de70fd8e0 mode 2
Event: 3.981 Thread 0x000001c911798140 Uncommon trap: trap_request=0xffffffde fr.pc=0x000001c8c0b72384 relative=0x0000000000000664
Event: 3.981 Thread 0x000001c911798c30 Uncommon trap: trap_request=0xffffffde fr.pc=0x000001c8c0b72384 relative=0x0000000000000664
Event: 3.981 Thread 0x000001c911798140 Uncommon trap: reason=class_check action=maybe_recompile pc=0x000001c8c0b72384 method=java.util.regex.Matcher.search(I)Z @ 121 c2
Event: 3.981 Thread 0x000001c911798c30 Uncommon trap: reason=class_check action=maybe_recompile pc=0x000001c8c0b72384 method=java.util.regex.Matcher.search(I)Z @ 121 c2
Event: 3.981 Thread 0x000001c911798140 DEOPT PACKING pc=0x000001c8c0b72384 sp=0x0000001de70fd9f0
Event: 3.981 Thread 0x000001c911798c30 DEOPT PACKING pc=0x000001c8c0b72384 sp=0x0000001de74fdc10
Event: 3.981 Thread 0x000001c911798140 DEOPT UNPACKING pc=0x000001c8c05746a2 sp=0x0000001de70fd9b0 mode 2
Event: 3.981 Thread 0x000001c911798c30 DEOPT UNPACKING pc=0x000001c8c05746a2 sp=0x0000001de74fdbd0 mode 2
Event: 9.178 Thread 0x000001c911798140 Uncommon trap: trap_request=0xffffffde fr.pc=0x000001c8c0b82e84 relative=0x00000000000001c4
Event: 9.178 Thread 0x000001c911798140 Uncommon trap: reason=class_check action=maybe_recompile pc=0x000001c8c0b82e84 method=org.openqa.selenium.json.Input.fill()Z @ 85 c2
Event: 9.178 Thread 0x000001c911798140 DEOPT PACKING pc=0x000001c8c0b82e84 sp=0x0000001de70fe070
Event: 9.178 Thread 0x000001c911798140 DEOPT UNPACKING pc=0x000001c8c05746a2 sp=0x0000001de70fe010 mode 2
Event: 9.178 Thread 0x000001c911798c30 Uncommon trap: trap_request=0xffffffde fr.pc=0x000001c8c0b82e84 relative=0x00000000000001c4
Event: 9.178 Thread 0x000001c911798c30 Uncommon trap: reason=class_check action=maybe_recompile pc=0x000001c8c0b82e84 method=org.openqa.selenium.json.Input.fill()Z @ 85 c2
Event: 9.178 Thread 0x000001c911798c30 DEOPT PACKING pc=0x000001c8c0b82e84 sp=0x0000001de74fe290
Event: 9.178 Thread 0x000001c911798c30 DEOPT UNPACKING pc=0x000001c8c05746a2 sp=0x0000001de74fe230 mode 2

Classes loaded (20 events):
Event: 9.145 Loading class java/util/stream/LongPipeline$StatelessOp done
Event: 9.145 Loading class java/util/stream/ReferencePipeline$5 done
Event: 9.146 Loading class java/util/stream/FindOps$FindSink$OfLong
Event: 9.147 Loading class java/util/stream/Sink$OfLong
Event: 9.147 Loading class java/util/stream/Sink$OfLong done
Event: 9.147 Loading class java/util/stream/FindOps$FindSink$OfLong done
Event: 9.147 Loading class java/util/OptionalLong
Event: 9.147 Loading class java/util/OptionalLong done
Event: 9.149 Loading class java/util/stream/ReferencePipeline$5$1
Event: 9.149 Loading class java/util/stream/ReferencePipeline$5$1 done
Event: 9.150 Loading class java/lang/invoke/VarHandleBytes$FieldInstanceReadWrite
Event: 9.150 Loading class java/lang/invoke/VarHandleBytes$FieldInstanceReadOnly
Event: 9.151 Loading class java/lang/invoke/VarHandleBytes$FieldInstanceReadOnly done
Event: 9.151 Loading class java/lang/invoke/VarHandleBytes$FieldInstanceReadWrite done
Event: 9.202 Loading class java/util/ImmutableCollections$Access
Event: 9.202 Loading class java/util/ImmutableCollections$Access done
Event: 9.203 Loading class java/util/ImmutableCollections$Access$1
Event: 9.203 Loading class jdk/internal/access/JavaUtilCollectionAccess
Event: 9.203 Loading class jdk/internal/access/JavaUtilCollectionAccess done
Event: 9.203 Loading class java/util/ImmutableCollections$Access$1 done

Classes unloaded (0 events):
No events

Classes redefined (0 events):
No events

Internal exceptions (20 events):
Event: 4.058 Thread 0x000001c911ce7350 Exception <a 'java/net/ConnectException'{0x00000000c5ef0ac0}: Connection refused: getsockopt> (0x00000000c5ef0ac0) 
thrown [s\open\src\hotspot\share\prims\jni.cpp, line 539]
Event: 4.058 Thread 0x000001c911ce5910 Exception <a 'java/net/ConnectException'{0x00000000c5d01f28}: Connection refused: getsockopt> (0x00000000c5d01f28) 
thrown [s\open\src\hotspot\share\prims\jni.cpp, line 539]
Event: 4.090 Thread 0x000001c911ce5910 Exception <a 'java/net/ConnectException'{0x00000000c5d02e40}: Connection refused: getsockopt> (0x00000000c5d02e40) 
thrown [s\open\src\hotspot\share\prims\jni.cpp, line 539]
Event: 4.092 Thread 0x000001c911ce7350 Exception <a 'java/net/ConnectException'{0x00000000c5ef19d8}: Connection refused: getsockopt> (0x00000000c5ef19d8) 
thrown [s\open\src\hotspot\share\prims\jni.cpp, line 539]
Event: 4.179 Thread 0x000001c911798c30 Exception <a 'java/lang/NoSuchMethodError'{0x00000000c5c36ff0}: 'java.lang.Object java.lang.invoke.DirectMethodHandle$Holder.newInvokeSpecial(java.lang.Object, java.lang.Object, int, int)'> (0x00000000c5c36ff0) 
thrown [s\open\src\hotspot\share\interpreter\linkResolver.cpp, line 773]
Event: 4.179 Thread 0x000001c911798140 Exception <a 'java/lang/NoSuchMethodError'{0x00000000c5c46ba0}: 'java.lang.Object java.lang.invoke.DirectMethodHandle$Holder.newInvokeSpecial(java.lang.Object, java.lang.Object, int, int)'> (0x00000000c5c46ba0) 
thrown [s\open\src\hotspot\share\interpreter\linkResolver.cpp, line 773]
Event: 4.180 Thread 0x000001c911798c30 Exception <a 'java/lang/NoSuchMethodError'{0x00000000c5c50ec0}: 'void java.lang.invoke.DirectMethodHandle$Holder.invokeStatic(java.lang.Object, java.lang.Object, int)'> (0x00000000c5c50ec0) 
thrown [s\open\src\hotspot\share\interpreter\linkResolver.cpp, line 773]
Event: 4.180 Thread 0x000001c911798140 Exception <a 'java/lang/NoSuchMethodError'{0x00000000c5c653b0}: 'void java.lang.invoke.DirectMethodHandle$Holder.invokeStatic(java.lang.Object, java.lang.Object, int)'> (0x00000000c5c653b0) 
thrown [s\open\src\hotspot\share\interpreter\linkResolver.cpp, line 773]
Event: 4.266 Thread 0x000001c911dd92b0 Exception <a 'java/lang/NoSuchMethodError'{0x00000000c5ae5138}: 'java.lang.Object java.lang.invoke.DirectMethodHandle$Holder.invokeSpecial(java.lang.Object, java.lang.Object, java.lang.Object, java.lang.Object, int)'> (0x00000000c5ae5138) 
thrown [s\open\src\hotspot\share\interpreter\linkResolver.cpp, line 773]
Event: 4.266 Thread 0x000001c911dd57a0 Exception <a 'java/lang/NoSuchMethodError'{0x00000000c5adbcd8}: 'java.lang.Object java.lang.invoke.DirectMethodHandle$Holder.invokeSpecial(java.lang.Object, java.lang.Object, java.lang.Object, java.lang.Object, int)'> (0x00000000c5adbcd8) 
thrown [s\open\src\hotspot\share\interpreter\linkResolver.cpp, line 773]
Event: 4.267 Thread 0x000001c911dd57a0 Exception <a 'java/lang/NoSuchMethodError'{0x00000000c5adf620}: 'java.lang.Object java.lang.invoke.Invokers$Holder.linkToTargetMethod(java.lang.Object, java.lang.Object, int, java.lang.Object)'> (0x00000000c5adf620) 
thrown [s\open\src\hotspot\share\interpreter\linkResolver.cpp, line 773]
Event: 4.267 Thread 0x000001c911dd92b0 Exception <a 'java/lang/NoSuchMethodError'{0x00000000c5ae8840}: 'java.lang.Object java.lang.invoke.Invokers$Holder.linkToTargetMethod(java.lang.Object, java.lang.Object, int, java.lang.Object)'> (0x00000000c5ae8840) 
thrown [s\open\src\hotspot\share\interpreter\linkResolver.cpp, line 773]
Event: 9.154 Thread 0x000001c911ddb380 Exception <a 'java/lang/NoSuchMethodError'{0x00000000c58845c8}: 'java.lang.Object java.lang.invoke.DirectMethodHandle$Holder.newInvokeSpecial(java.lang.Object, java.lang.Object, long, java.lang.Object, java.lang.Object, java.lang.Object)'> (0x00000000c58845c8) 
thrown [s\open\src\hotspot\share\interpreter\linkResolver.cpp, line 773]
Event: 9.154 Thread 0x000001c911dd7f00 Exception <a 'java/lang/NoSuchMethodError'{0x00000000c58ccf40}: 'java.lang.Object java.lang.invoke.DirectMethodHandle$Holder.newInvokeSpecial(java.lang.Object, java.lang.Object, long, java.lang.Object, java.lang.Object, java.lang.Object)'> (0x00000000c58ccf40) 
thrown [s\open\src\hotspot\share\interpreter\linkResolver.cpp, line 773]
Event: 9.155 Thread 0x000001c911dd7f00 Exception <a 'java/lang/NoSuchMethodError'{0x00000000c58d0a90}: 'java.lang.Object java.lang.invoke.DirectMethodHandle$Holder.invokeSpecial(java.lang.Object, java.lang.Object, java.lang.Object, long, java.lang.Object, java.lang.Object, java.lang.Object)'> (0x00000000c58d0a90) 
thrown [s\open\src\hotspot\share\interpreter\linkResolver.cpp, line 773]
Event: 9.155 Thread 0x000001c911dd7f00 Exception <a 'java/lang/NoSuchMethodError'{0x00000000c58d40b0}: 'java.lang.Object java.lang.invoke.Invokers$Holder.linkToTargetMethod(java.lang.Object, long, java.lang.Object, java.lang.Object, java.lang.Object, java.lang.Object)'> (0x00000000c58d40b0) 
thrown [s\open\src\hotspot\share\interpreter\linkResolver.cpp, line 773]
Event: 9.163 Thread 0x000001c911ddb380 Exception <a 'java/lang/NoSuchMethodError'{0x00000000c58f0550}: 'void java.lang.invoke.DirectMethodHandle$Holder.invokeSpecial(java.lang.Object, java.lang.Object, java.lang.Object, java.lang.Object, java.lang.Object, java.lang.Object, java.lang.Object)'> (0x00000000c58f0550) 
thrown [s\open\src\hotspot\share\interpreter\linkResolver.cpp, line 773]
Event: 9.163 Thread 0x000001c911dd7f00 Exception <a 'java/lang/NoSuchMethodError'{0x00000000c58e1ba8}: 'void java.lang.invoke.DirectMethodHandle$Holder.invokeSpecial(java.lang.Object, java.lang.Object, java.lang.Object, java.lang.Object, java.lang.Object, java.lang.Object, java.lang.Object)'> (0x00000000c58e1ba8) 
thrown [s\open\src\hotspot\share\interpreter\linkResolver.cpp, line 773]
Event: 9.185 Thread 0x000001c911798140 Exception <a 'java/lang/NoSuchMethodError'{0x00000000c5785540}: 'java.lang.Object java.lang.invoke.DirectMethodHandle$Holder.invokeSpecialIFC(java.lang.Object, java.lang.Object, java.lang.Object)'> (0x00000000c5785540) 
thrown [s\open\src\hotspot\share\interpreter\linkResolver.cpp, line 773]
Event: 9.185 Thread 0x000001c911798c30 Exception <a 'java/lang/NoSuchMethodError'{0x00000000c5773be8}: 'java.lang.Object java.lang.invoke.DirectMethodHandle$Holder.invokeSpecialIFC(java.lang.Object, java.lang.Object, java.lang.Object)'> (0x00000000c5773be8) 
thrown [s\open\src\hotspot\share\interpreter\linkResolver.cpp, line 773]

ZGC Phase Switch (0 events):
No events

VM Operations (20 events):
Event: 3.470 Executing VM operation: HandshakeAllThreads (Deoptimize)
Event: 3.470 Executing VM operation: HandshakeAllThreads (Deoptimize) done
Event: 3.612 Executing VM operation: G1CollectForAllocation (G1 Evacuation Pause)
Event: 3.621 Executing VM operation: G1CollectForAllocation (G1 Evacuation Pause) done
Event: 3.712 Executing VM operation: HandshakeAllThreads (Deoptimize)
Event: 3.712 Executing VM operation: HandshakeAllThreads (Deoptimize) done
Event: 4.142 Executing VM operation: HandshakeAllThreads (Deoptimize)
Event: 4.142 Executing VM operation: HandshakeAllThreads (Deoptimize) done
Event: 4.190 Executing VM operation: HandshakeAllThreads (Deoptimize)
Event: 4.190 Executing VM operation: HandshakeAllThreads (Deoptimize) done
Event: 4.213 Executing VM operation: HandshakeAllThreads (Deoptimize)
Event: 4.213 Executing VM operation: HandshakeAllThreads (Deoptimize) done
Event: 5.218 Executing VM operation: Cleanup
Event: 5.219 Executing VM operation: Cleanup done
Event: 9.133 Executing VM operation: HandshakeAllThreads (Deoptimize)
Event: 9.133 Executing VM operation: HandshakeAllThreads (Deoptimize) done
Event: 9.135 Executing VM operation: HandshakeAllThreads (Deoptimize)
Event: 9.136 Executing VM operation: HandshakeAllThreads (Deoptimize) done
Event: 9.136 Executing VM operation: Cleanup
Event: 9.136 Executing VM operation: Cleanup done

Events (20 events):
Event: 3.954 Thread 0x000001c9121fead0 Thread added: 0x000001c9121fead0
Event: 3.955 Thread 0x000001c912072100 Thread added: 0x000001c912072100
Event: 3.996 Thread 0x000001c911ce5fa0 Thread added: 0x000001c911ce5fa0
Event: 3.997 Thread 0x000001c911ce8070 Thread added: 0x000001c911ce8070
Event: 3.998 Thread 0x000001c911ce8700 Thread added: 0x000001c911ce8700
Event: 4.005 Thread 0x000001c911ce5280 Thread added: 0x000001c911ce5280
Event: 4.005 Thread 0x000001c911ce6630 Thread added: 0x000001c911ce6630
Event: 4.005 Thread 0x000001c911ce6cc0 Thread added: 0x000001c911ce6cc0
Event: 4.011 Thread 0x000001c911ce7350 Thread added: 0x000001c911ce7350
Event: 4.016 Thread 0x000001c911ce5910 Thread added: 0x000001c911ce5910
Event: 4.142 Thread 0x000001c911ce79e0 Thread added: 0x000001c911ce79e0
Event: 4.251 Thread 0x000001c911dd92b0 Thread added: 0x000001c911dd92b0
Event: 4.251 Thread 0x000001c911dd57a0 Thread added: 0x000001c911dd57a0
Event: 4.314 Thread 0x000001c911ddacf0 Thread added: 0x000001c911ddacf0
Event: 4.316 Thread 0x000001c911dda660 Thread added: 0x000001c911dda660
Event: 4.331 Thread 0x000001c911ddb380 Thread added: 0x000001c911ddb380
Event: 4.335 Thread 0x000001c911dd7f00 Thread added: 0x000001c911dd7f00
Event: 9.172 Thread 0x000001c911dd5110 Thread added: 0x000001c911dd5110
Event: 9.288 Thread 0x000001c911dd8590 Thread added: 0x000001c911dd8590
Event: 9.289 Thread 0x000001c911dd8c20 Thread added: 0x000001c911dd8c20


Dynamic libraries:
0x00007ff722f10000 - 0x00007ff722f20000 	C:\Program Files\Java\jdk-21\bin\java.exe
0x00007ffe710f0000 - 0x00007ffe712e8000 	C:\WINDOWS\SYSTEM32\ntdll.dll
0x00007ffe70a60000 - 0x00007ffe70b1d000 	C:\WINDOWS\System32\KERNEL32.DLL
0x00007ffe6ea70000 - 0x00007ffe6ed66000 	C:\WINDOWS\System32\KERNELBASE.dll
0x00007ffe6e8d0000 - 0x00007ffe6e9d0000 	C:\WINDOWS\System32\ucrtbase.dll
0x00007ffe4e160000 - 0x00007ffe4e17b000 	C:\Program Files\Java\jdk-21\bin\VCRUNTIME140.dll
0x00007ffe4e600000 - 0x00007ffe4e619000 	C:\Program Files\Java\jdk-21\bin\jli.dll
0x00007ffe70870000 - 0x00007ffe70923000 	C:\WINDOWS\System32\ADVAPI32.dll
0x00007ffe6f2e0000 - 0x00007ffe6f37e000 	C:\WINDOWS\System32\msvcrt.dll
0x00007ffe70b20000 - 0x00007ffe70bbf000 	C:\WINDOWS\System32\sechost.dll
0x00007ffe706e0000 - 0x00007ffe70806000 	C:\WINDOWS\System32\RPCRT4.dll
0x00007ffe6ed70000 - 0x00007ffe6ed97000 	C:\WINDOWS\System32\bcrypt.dll
0x00007ffe70540000 - 0x00007ffe706de000 	C:\WINDOWS\System32\USER32.dll
0x00007ffe6f100000 - 0x00007ffe6f122000 	C:\WINDOWS\System32\win32u.dll
0x00007ffe71080000 - 0x00007ffe710ab000 	C:\WINDOWS\System32\GDI32.dll
0x00007ffe5fcc0000 - 0x00007ffe5ff5a000 	C:\WINDOWS\WinSxS\amd64_microsoft.windows.common-controls_6595b64144ccf1df_6.0.19041.3636_none_60b6a03d71f818d5\COMCTL32.dll
0x00007ffe6efe0000 - 0x00007ffe6f0f7000 	C:\WINDOWS\System32\gdi32full.dll
0x00007ffe6e9d0000 - 0x00007ffe6ea6d000 	C:\WINDOWS\System32\msvcp_win.dll
0x00007ffe60060000 - 0x00007ffe6006a000 	C:\WINDOWS\SYSTEM32\VERSION.dll
0x00007ffe70940000 - 0x00007ffe70972000 	C:\WINDOWS\System32\IMM32.DLL
0x00007ffe4e0d0000 - 0x00007ffe4e0dc000 	C:\Program Files\Java\jdk-21\bin\vcruntime140_1.dll
0x00007ffe4e040000 - 0x00007ffe4e0ce000 	C:\Program Files\Java\jdk-21\bin\msvcp140.dll
0x00007ffe4d320000 - 0x00007ffe4e037000 	C:\Program Files\Java\jdk-21\bin\server\jvm.dll
0x00007ffe702c0000 - 0x00007ffe7032b000 	C:\WINDOWS\System32\WS2_32.dll
0x00007ffe6e610000 - 0x00007ffe6e65b000 	C:\WINDOWS\SYSTEM32\POWRPROF.dll
0x00007ffe5b0d0000 - 0x00007ffe5b0f7000 	C:\WINDOWS\SYSTEM32\WINMM.dll
0x00007ffe6e5f0000 - 0x00007ffe6e602000 	C:\WINDOWS\SYSTEM32\UMPDC.dll
0x00007ffe6d040000 - 0x00007ffe6d052000 	C:\WINDOWS\SYSTEM32\kernel.appcore.dll
0x00007ffe4d220000 - 0x00007ffe4d22a000 	C:\Program Files\Java\jdk-21\bin\jimage.dll
0x00007ffe6ccc0000 - 0x00007ffe6cea4000 	C:\WINDOWS\SYSTEM32\DBGHELP.DLL
0x00007ffe627e0000 - 0x00007ffe62814000 	C:\WINDOWS\SYSTEM32\dbgcore.DLL
0x00007ffe6ef50000 - 0x00007ffe6efd2000 	C:\WINDOWS\System32\bcryptPrimitives.dll
0x00007ffe66b40000 - 0x00007ffe66b4f000 	C:\Program Files\Java\jdk-21\bin\instrument.dll
0x00007ffe4d200000 - 0x00007ffe4d21f000 	C:\Program Files\Java\jdk-21\bin\java.dll
0x00007ffe6f380000 - 0x00007ffe6fac5000 	C:\WINDOWS\System32\SHELL32.dll
0x00007ffe6c450000 - 0x00007ffe6cbec000 	C:\WINDOWS\SYSTEM32\windows.storage.dll
0x00007ffe70bc0000 - 0x00007ffe70f14000 	C:\WINDOWS\System32\combase.dll
0x00007ffe6e110000 - 0x00007ffe6e13e000 	C:\WINDOWS\SYSTEM32\Wldp.dll
0x00007ffe70fb0000 - 0x00007ffe7107d000 	C:\WINDOWS\System32\OLEAUT32.dll
0x00007ffe6fad0000 - 0x00007ffe6fb7d000 	C:\WINDOWS\System32\SHCORE.dll
0x00007ffe70980000 - 0x00007ffe709d5000 	C:\WINDOWS\System32\shlwapi.dll
0x00007ffe6e6e0000 - 0x00007ffe6e705000 	C:\WINDOWS\SYSTEM32\profapi.dll
0x00007ffe4cee0000 - 0x00007ffe4cfb7000 	C:\Program Files\Java\jdk-21\bin\jsvml.dll
0x00007ffe4ce80000 - 0x00007ffe4ce98000 	C:\Program Files\Java\jdk-21\bin\zip.dll
0x00007ffe4cec0000 - 0x00007ffe4ced0000 	C:\Program Files\Java\jdk-21\bin\net.dll
0x00007ffe61970000 - 0x00007ffe61a7a000 	C:\WINDOWS\SYSTEM32\WINHTTP.dll
0x00007ffe6de70000 - 0x00007ffe6deda000 	C:\WINDOWS\system32\mswsock.dll
0x00007ffe4cea0000 - 0x00007ffe4ceb6000 	C:\Program Files\Java\jdk-21\bin\nio.dll
0x00007ffe668d0000 - 0x00007ffe668ea000 	C:\Program Files\JetBrains\IntelliJ IDEA Community Edition 2023.3.3\bin\breakgen64.dll
0x00007ffe61840000 - 0x00007ffe61849000 	C:\Program Files\Java\jdk-21\bin\extnet.dll
0x00007ffe4c750000 - 0x00007ffe4c760000 	C:\Program Files\Java\jdk-21\bin\verify.dll
0x00007ffe6e060000 - 0x00007ffe6e078000 	C:\WINDOWS\SYSTEM32\CRYPTSP.dll
0x00007ffe6d7a0000 - 0x00007ffe6d7d4000 	C:\WINDOWS\system32\rsaenh.dll
0x00007ffe6e660000 - 0x00007ffe6e68e000 	C:\WINDOWS\SYSTEM32\USERENV.dll
0x00007ffe6e080000 - 0x00007ffe6e08c000 	C:\WINDOWS\SYSTEM32\CRYPTBASE.dll
0x00007ffe6db60000 - 0x00007ffe6db9b000 	C:\WINDOWS\SYSTEM32\IPHLPAPI.DLL
0x00007ffe701e0000 - 0x00007ffe701e8000 	C:\WINDOWS\System32\NSI.dll
0x00007ffe6dba0000 - 0x00007ffe6dc6b000 	C:\WINDOWS\SYSTEM32\DNSAPI.dll
0x00007ffe5dec0000 - 0x00007ffe5deca000 	C:\Windows\System32\rasadhlp.dll
0x00007ffe5e3e0000 - 0x00007ffe5e460000 	C:\WINDOWS\System32\fwpuclnt.dll
0x00007ffe4bc90000 - 0x00007ffe4bc9e000 	C:\Program Files\Java\jdk-21\bin\sunmscapi.dll
0x00007ffe6eda0000 - 0x00007ffe6eefd000 	C:\WINDOWS\System32\CRYPT32.dll
0x00007ffe6e180000 - 0x00007ffe6e1a8000 	C:\WINDOWS\SYSTEM32\ncrypt.dll
0x00007ffe6e140000 - 0x00007ffe6e17b000 	C:\WINDOWS\SYSTEM32\NTASN1.dll
0x00007ffe4bbc0000 - 0x00007ffe4bbc7000 	C:\WINDOWS\system32\wshunix.dll

dbghelp: loaded successfully - version: 4.0.5 - missing functions: none
symbol engine: initialized successfully - sym options: 0x614 - pdb path: .;C:\Program Files\Java\jdk-21\bin;C:\WINDOWS\SYSTEM32;C:\WINDOWS\WinSxS\amd64_microsoft.windows.common-controls_6595b64144ccf1df_6.0.19041.3636_none_60b6a03d71f818d5;C:\Program Files\Java\jdk-21\bin\server;C:\Program Files\JetBrains\IntelliJ IDEA Community Edition 2023.3.3\bin

VM Arguments:
jvm_args: -ea -Didea.test.cyclic.buffer.size=1048576 -javaagent:C:\Program Files\JetBrains\IntelliJ IDEA Community Edition 2023.3.3\lib\idea_rt.jar=60055:C:\Program Files\JetBrains\IntelliJ IDEA Community Edition 2023.3.3\bin -Dfile.encoding=UTF-8 -Dsun.stdout.encoding=UTF-8 -Dsun.stderr.encoding=UTF-8 
java_command: com.intellij.rt.testng.RemoteTestNGStarter -usedefaultlisteners false -socket60054 @w@C:\Users\Abbey\AppData\Local\Temp\idea_working_dirs_testng.tmp -temp C:\Users\Abbey\AppData\Local\Temp\idea_testng.tmp
java_class_path (initial): C:\Program Files\JetBrains\IntelliJ IDEA Community Edition 2023.3.3\lib\idea_rt.jar;C:\Program Files\JetBrains\IntelliJ IDEA Community Edition 2023.3.3\plugins\testng\lib\testng-rt.jar;C:\Users\Abbey\IdeaProjects\SDA2024_TestNG\target\test-classes;C:\Users\Abbey\IdeaProjects\SDA2024_TestNG\target\classes;C:\Users\Abbey\.m2\repository\org\seleniumhq\selenium\selenium-java\4.18.1\selenium-java-4.18.1.jar;C:\Users\Abbey\.m2\repository\org\seleniumhq\selenium\selenium-api\4.18.1\selenium-api-4.18.1.jar;C:\Users\Abbey\.m2\repository\org\seleniumhq\selenium\selenium-chrome-driver\4.18.1\selenium-chrome-driver-4.18.1.jar;C:\Users\Abbey\.m2\repository\com\google\auto\service\auto-service-annotations\1.1.1\auto-service-annotations-1.1.1.jar;C:\Users\Abbey\.m2\repository\org\seleniumhq\selenium\selenium-chromium-driver\4.18.1\selenium-chromium-driver-4.18.1.jar;C:\Users\Abbey\.m2\repository\org\seleniumhq\selenium\selenium-json\4.18.1\selenium-json-4.18.1.jar;C:\Users\Abbey\.m2\repository\org\seleniumhq\selenium\selenium-manager\4.18.1\selenium-manager-4.18.1.jar;C:\Users\Abbey\.m2\repository\org\seleniumhq\selenium\selenium-devtools-v120\4.18.1\selenium-devtools-v120-4.18.1.jar;C:\Users\Abbey\.m2\repository\org\seleniumhq\selenium\selenium-devtools-v121\4.18.1\selenium-devtools-v121-4.18.1.jar;C:\Users\Abbey\.m2\repository\org\seleniumhq\selenium\selenium-devtools-v122\4.18.1\selenium-devtools-v122-4.18.1.jar;C:\Users\Abbey\.m2\repository\org\seleniumhq\selenium\selenium-devtools-v85\4.18.1\selenium-devtools-v85-4.18.1.jar;C:\Users\Abbey\.m2\repository\org\seleniumhq\selenium\selenium-edge-driver\4.18.1\selenium-edge-driver-4.18.1.jar;C:\Users\Abbey\.m2\repository\org\seleniumhq\selenium\selenium-firefox-driver\4.18.1\selenium-firefox-driver-4.18.1.jar;C:\Users\Abbey\.m2\repository\org\seleniumhq\selenium\selenium-http\4.18.1\selenium-http-4.18.1.jar;C:\Users\Abbey\.m2\repository\dev\failsafe\failsafe\3.3.2\failsafe-3.3.2.jar;C:\Users\Abbey\.m2\repository\org\seleniumhq\selenium\selenium-ie-driver\4.18.1\selenium-ie-driver-4.18.1.jar;C:\Users\Abbey\.m2\repository\org\seleniumhq\selenium\selenium-remote-driver\4.18.1\selenium-remote-driver-4.18.1.jar;C:\Users\Abbey\.m2\repository\com\google\guava\guava\33.0.0-jre\guava-33.0.0-jre.jar;C:\Users\Abbey\.m2\repository\com\google\guava\failureaccess\1.0.2\failureaccess-1.0.2.jar;C:\Users\Abbey\.m2\repository\com\google\guava\listenablefuture\9999.0-empty-to-avoid-conflict-with-guava\listenablefuture-9999.0-empty-to-avoid-conflict-with-guava.jar;C:\Users\Abbey\.m2\repository\com\google\code\findbugs\jsr305\3.0.2\jsr305-3.0.2.jar;C:\Users\Abbey\.m2\repository\org\checkerframework\checker-qual\3.41.0\checker-qual-3.41.0.jar;C:\Users\Abbey\.m2\repository\com\google\errorprone\error_prone_annotations\2.23.0\error_prone_annotations-2.23.0.jar;C:\Users\Abbey\.m2\repository\com\google\j2objc\j2objc-annotations\2.8\j2objc-annotations-2.8.jar;C:\Users\Abbey\.m2\repository\io\opentelemetry\semconv\opentelemetry-semconv\1.23.1-alpha\opentelemetry-semconv-1.23.1-alpha.jar;C:\Users\Abbey\.m2\repository\io\opentelemetry\opentelemetry-api\1.35.0\opentelemetry-api-1.35.0.jar;C:\Users\Abbey\.m2\repository\io\opentelemetry\opentelemetry-context\1.35.0\opentelemetry-context-1.35.0.jar;C:\Users\Abbey\.m2\repository\io\opentelemetry\opentelemetry-exporter-logging\1.35.0\opentelemetry-exporter-logging-1.35.0.jar;C:\Users\Abbey\.m2\repository\io\opentelemetry\opentelemetry-sdk-common\1.35.0\opentelemetry-sdk-common-1.35.0.jar;C:\Users\Abbey\.m2\repository\io\opentelemetry\opentelemetry-sdk-extension-autoconfigure-spi\1.35.0\opentelemetry-sdk-extension-autoconfigure-spi-1.35.0.jar;C:\Users\Abbey\.m2\repository\io\opentelemetry\opentelemetry-sdk-extension-autoconfigure\1.35.0\opentelemetry-sdk-extension-autoconfigure-1.35.0.jar;C:\Users\Abbey\.m2\repository\io\opentelemetry\opentelemetry-api-events\1.35.0-alpha\opentelemetry-api-events-1.35.0-alpha.jar;C:\Users\Abbey\.m2\repository\io\opentelemetry\opentelemetry-sdk-trace\1.35.0\opentelemetry-sdk-trace-1.35.0.jar;C:\Users\Abbey\.m2\repository\io\opentelemetry\opentelemetry-extension-incubator\1.35.0-alpha\opentelemetry-extension-incubator-1.35.0-alpha.jar;C:\Users\Abbey\.m2\repository\io\opentelemetry\opentelemetry-sdk\1.35.0\opentelemetry-sdk-1.35.0.jar;C:\Users\Abbey\.m2\repository\io\opentelemetry\opentelemetry-sdk-metrics\1.35.0\opentelemetry-sdk-metrics-1.35.0.jar;C:\Users\Abbey\.m2\repository\io\opentelemetry\opentelemetry-sdk-logs\1.35.0\opentelemetry-sdk-logs-1.35.0.jar;C:\Users\Abbey\.m2\repository\net\bytebuddy\byte-buddy\1.14.12\byte-buddy-1.14.12.jar;C:\Users\Abbey\.m2\repository\org\seleniumhq\selenium\selenium-os\4.18.1\selenium-os-4.18.1.jar;C:\Users\Abbey\.m2\repository\org\apache\commons\commons-exec\1.3\commons-exec-1.3.jar;C:\Users\Abbey\.m2\repository\org\seleniumhq\selenium\selenium-safari-driver\4.18.1\selenium-safari-driver-4.18.1.jar;C:\Users\Abbey\.m2\repository\org\seleniumhq\selenium\selenium-support\4.18.1\selenium-support-4.18.1.jar;C:\Users\Abbey\.m2\repository\org\testng\testng\7.9.0\testng-7.9.0.jar;C:\Users\Abbey\.m2\repository\org\slf4j\slf4j-api\1.7.36\slf4j-api-1.7.36.jar;C:\Users\Abbey\.m2\repository\com\beust\jcommander\1.82\jcommander-1.82.jar;C:\Users\Abbey\.m2\repository\org\webjars\jquery\3.7.1\jquery-3.7.1.jar;C:\Users\Abbey\.m2\repository\com\github\javafaker\javafaker\1.0.2\javafaker-1.0.2.jar;C:\Users\Abbey\.m2\repository\org\apache\commons\commons-lang3\3.5\commons-lang3-3.5.jar;C:\Users\Abbey\.m2\repository\org\yaml\snakeyaml\1.23\snakeyaml-1.23-android.jar;C:\Users\Abbey\.m2\repository\com\github\mifmif\generex\1.0.2\generex-1.0.2.jar;C:\Users\Abbey\.m2\repository\dk\brics\automaton\automaton\1.11-8\automaton-1.11-8.jar
Launcher Type: SUN_STANDARD

[Global flags]
     intx CICompilerCount                          = 3                                         {product} {ergonomic}
     uint ConcGCThreads                            = 1                                         {product} {ergonomic}
     uint G1ConcRefinementThreads                  = 4                                         {product} {ergonomic}
   size_t G1HeapRegionSize                         = 1048576                                   {product} {ergonomic}
    uintx GCDrainStackTargetSize                   = 64                                        {product} {ergonomic}
   size_t InitialHeapSize                          = 65011712                                  {product} {ergonomic}
   size_t MarkStackSize                            = 4194304                                   {product} {ergonomic}
   size_t MaxHeapSize                              = 1031798784                                {product} {ergonomic}
   size_t MaxNewSize                               = 618659840                                 {product} {ergonomic}
   size_t MinHeapDeltaBytes                        = 1048576                                   {product} {ergonomic}
   size_t MinHeapSize                              = 8388608                                   {product} {ergonomic}
    uintx NonNMethodCodeHeapSize                   = 5832780                                {pd product} {ergonomic}
    uintx NonProfiledCodeHeapSize                  = 122912730                              {pd product} {ergonomic}
    uintx ProfiledCodeHeapSize                     = 122912730                              {pd product} {ergonomic}
    uintx ReservedCodeCacheSize                    = 251658240                              {pd product} {ergonomic}
     bool SegmentedCodeCache                       = true                                      {product} {ergonomic}
   size_t SoftMaxHeapSize                          = 1031798784                             {manageable} {ergonomic}
     bool UseCompressedOops                        = true                           {product lp64_product} {ergonomic}
     bool UseG1GC                                  = true                                      {product} {ergonomic}
     bool UseLargePagesIndividualAllocation        = false                                  {pd product} {ergonomic}

Logging:
Log output configuration:
 #0: stdout all=warning uptime,level,tags foldmultilines=false
 #1: stderr all=off uptime,level,tags foldmultilines=false

Environment Variables:
JAVA_HOME=C:\Program Files\Java\jdk-21
PATH=C:\Program Files\Common Files\Oracle\Java\javapath;C:\Program Files (x86)\Intel\iCLS Client\;C:\Program Files\Intel\iCLS Client\;C:\WINDOWS\system32;C:\WINDOWS;C:\WINDOWS\System32\Wbem;C:\WINDOWS\System32\WindowsPowerShell\v1.0\;C:\Program Files (x86)\Intel\Intel(R) Management Engine Components\DAL;C:\Program Files\Intel\Intel(R) Management Engine Components\DAL;C:\Program Files (x86)\Intel\Intel(R) Management Engine Components\IPT;C:\Program Files\Intel\Intel(R) Management Engine Components\IPT;C:\Program Files\Intel\WiFi\bin\;C:\Program Files\Common Files\Intel\WirelessCommon\;C:\WINDOWS\System32\OpenSSH\;C:\xampp\php;C:\ProgramData\ComposerSetup\bin;C:\Program Files\Git\cmd;C:\Program Files\MySQL\MySQL Shell 8.0\bin\;C:\Users\Abbey\AppData\Local\Microsoft\WindowsApps;C:\Users\Abbey\AppData\Roaming\Composer\vendor\bin;C:\Program Files\Java\jdk-21\bin;C:\Program Files\apache-maven-3.9.6\bin
USERNAME=Abbey
OS=Windows_NT
PROCESSOR_IDENTIFIER=Intel64 Family 6 Model 142 Stepping 9, GenuineIntel
TMP=C:\Users\Abbey\AppData\Local\Temp
TEMP=C:\Users\Abbey\AppData\Local\Temp




Periodic native trim disabled

---------------  S Y S T E M  ---------------

OS:
 Windows 10 , 64 bit Build 19041 (10.0.19041.3636)
OS uptime: 14 days 2:42 hours

CPU: total 4 (initial active 4) (2 cores per cpu, 2 threads per core) family 6 model 142 stepping 9 microcode 0xb4, cx8, cmov, fxsr, ht, mmx, 3dnowpref, sse, sse2, sse3, ssse3, sse4.1, sse4.2, popcnt, lzcnt, tsc, tscinvbit, avx, avx2, aes, erms, clmul, bmi1, bmi2, adx, fma, vzeroupper, clflush, clflushopt, rdtscp, f16c
Processor Information for all 4 processors :
  Max Mhz: 1608, Current Mhz: 1005, Mhz Limit: 996

Memory: 4k page, system-wide physical 3930M (123M free)
TotalPageFile size 10795M (AvailPageFile size 6M)
current process WorkingSet (physical memory assigned to process): 99M, peak: 100M
current process commit charge ("private bytes"): 169M, peak: 172M

vm_info: Java HotSpot(TM) 64-Bit Server VM (21.0.2+13-LTS-58) for windows-amd64 JRE (21.0.2+13-LTS-58), built on 2024-01-05T18:32:24Z by "mach5one" with MS VC++ 17.1 (VS2022)

END.
