#
# There is insufficient memory for the Java Runtime Environment to continue.
# Native memory allocation (malloc) failed to allocate 522032 bytes for Chunk::new
# Possible reasons:
#   The system is out of physical RAM or swap space
#   The process is running with CompressedOops enabled, and the Java Heap may be blocking the growth of the native heap
# Possible solutions:
#   Reduce memory load on the system
#   Increase physical memory or swap space
#   Check if swap backing store is full
#   Decrease Java heap size (-Xmx/-Xms)
#   Decrease number of Java threads
#   Decrease Java thread stack sizes (-Xss)
#   Set larger code cache with -XX:ReservedCodeCacheSize=
#   JVM is running with Unscaled Compressed Oops mode in which the Java heap is
#     placed in the first 4GB address space. The Java Heap base address is the
#     maximum limit for the native heap growth. Please use -XX:HeapBaseMinAddress
#     to set the Java Heap base and to place the Java Heap above 4GB virtual address.
# This output file may be truncated or incomplete.
#
#  Out of Memory Error (arena.cpp:168), pid=5436, tid=22780
#
# JRE version: Java(TM) SE Runtime Environment (21.0.2+13) (build 21.0.2+13-LTS-58)
# Java VM: Java HotSpot(TM) 64-Bit Server VM (21.0.2+13-LTS-58, mixed mode, sharing, tiered, compressed oops, compressed class ptrs, g1 gc, windows-amd64)
# No core dump will be written. Minidumps are not enabled by default on client versions of Windows
#

---------------  S U M M A R Y ------------

Command Line: -ea -Didea.test.cyclic.buffer.size=1048576 -javaagent:C:\Program Files\JetBrains\IntelliJ IDEA Community Edition 2023.3.3\lib\idea_rt.jar=60447:C:\Program Files\JetBrains\IntelliJ IDEA Community Edition 2023.3.3\bin -Dfile.encoding=UTF-8 -Dsun.stdout.encoding=UTF-8 -Dsun.stderr.encoding=UTF-8 com.intellij.rt.testng.RemoteTestNGStarter -usedefaultlisteners false -socket60446 @w@C:\Users\Abbey\AppData\Local\Temp\idea_working_dirs_testng.tmp -temp C:\Users\Abbey\AppData\Local\Temp\idea_testng.tmp

Host: Intel(R) Core(TM) m3-7Y30 CPU @ 1.00GHz, 4 cores, 3G,  Windows 10 , 64 bit Build 19041 (10.0.19041.3636)
Time: Mon Mar 18 12:19:32 2024 Arab Standard Time elapsed time: 12.867926 seconds (0d 0h 0m 12s)

---------------  T H R E A D  ---------------

Current thread (0x000001f3b62dbe30):  JavaThread "C2 CompilerThread0" daemon [_thread_in_native, id=22780, stack(0x000000c959c00000,0x000000c959d00000) (1024K)]


Current CompileTask:
C2:  12868 2242       4       java.util.HashSet::add (20 bytes)

Stack: [0x000000c959c00000,0x000000c959d00000]
Native frames: (J=compiled Java code, j=interpreted, Vv=VM code, C=native code)
V  [jvm.dll+0x6cade9]
V  [jvm.dll+0x8569c1]
V  [jvm.dll+0x858d2e]
V  [jvm.dll+0x859413]
V  [jvm.dll+0x280e56]
V  [jvm.dll+0xc3f3d]
V  [jvm.dll+0xc4473]
V  [jvm.dll+0x3b5c2c]
V  [jvm.dll+0x382855]
V  [jvm.dll+0x381cca]
V  [jvm.dll+0x249bd0]
V  [jvm.dll+0x2491b1]
V  [jvm.dll+0x1c9634]
V  [jvm.dll+0x258859]
V  [jvm.dll+0x256e3a]
V  [jvm.dll+0x3ef6c6]
V  [jvm.dll+0x7ff568]
V  [jvm.dll+0x6c953d]
C  [ucrtbase.dll+0x21bb2]
C  [KERNEL32.DLL+0x17344]
C  [ntdll.dll+0x526b1]


---------------  P R O C E S S  ---------------

Threads class SMR info:
_java_thread_list=0x000001f3fd1a7860, length=59, elements={
0x000001f39b6c6160, 0x000001f3b62cb760, 0x000001f3b62ccd10, 0x000001f3b62d1560,
0x000001f3b62d3fd0, 0x000001f3b62d5380, 0x000001f3b62d7fa0, 0x000001f3b62dbe30,
0x000001f3b62e1580, 0x000001f39b7669b0, 0x000001f3b65a8df0, 0x000001f3b65abde0,
0x000001f3fc697aa0, 0x000001f3fc68e760, 0x000001f3fc705d60, 0x000001f3fc719ea0,
0x000001f3fc8100c0, 0x000001f3fc810730, 0x000001f3fc6fbd10, 0x000001f3fc6d1ac0,
0x000001f3fc6d2e70, 0x000001f3fc6d0710, 0x000001f3fc6d0080, 0x000001f3fc6d0da0,
0x000001f3fc6d3500, 0x000001f3fc6d2150, 0x000001f3fc6d1430, 0x000001f3fc9635d0,
0x000001f3fc962220, 0x000001f3fc9663c0, 0x000001f3fc9642f0, 0x000001f3fc964980,
0x000001f3fc9656a0, 0x000001f3fc960e70, 0x000001f3fc961500, 0x000001f3fc966a50,
0x000001f3fc961b90, 0x000001f3fc9628b0, 0x000001f3fc965010, 0x000001f3fc962f40,
0x000001f3fc9670e0, 0x000001f3fc963c60, 0x000001f3fc965d30, 0x000001f3fc960150,
0x000001f3fc967770, 0x000001f3fc9607e0, 0x000001f3fd1c0900, 0x000001f3fd1c7200,
0x000001f3fd1c1cb0, 0x000001f3fd1c7f20, 0x000001f3fd1c57c0, 0x000001f3fd1c3d80,
0x000001f3fd1c2340, 0x000001f3fd1c5e50, 0x000001f3fd1c0f90, 0x000001f3fd1c4410,
0x000001f3fd1c6b70, 0x000001f3fd1c36f0, 0x000001f3fd1c5130
}

Java Threads: ( => current thread )
  0x000001f39b6c6160 JavaThread "main"                              [_thread_blocked, id=22632, stack(0x000000c958e00000,0x000000c958f00000) (1024K)]
  0x000001f3b62cb760 JavaThread "Reference Handler"          daemon [_thread_blocked, id=14416, stack(0x000000c959600000,0x000000c959700000) (1024K)]
  0x000001f3b62ccd10 JavaThread "Finalizer"                  daemon [_thread_blocked, id=12860, stack(0x000000c959700000,0x000000c959800000) (1024K)]
  0x000001f3b62d1560 JavaThread "Signal Dispatcher"          daemon [_thread_blocked, id=14884, stack(0x000000c959800000,0x000000c959900000) (1024K)]
  0x000001f3b62d3fd0 JavaThread "Attach Listener"            daemon [_thread_blocked, id=21548, stack(0x000000c959900000,0x000000c959a00000) (1024K)]
  0x000001f3b62d5380 JavaThread "Service Thread"             daemon [_thread_blocked, id=18960, stack(0x000000c959a00000,0x000000c959b00000) (1024K)]
  0x000001f3b62d7fa0 JavaThread "Monitor Deflation Thread"   daemon [_thread_blocked, id=15748, stack(0x000000c959b00000,0x000000c959c00000) (1024K)]
=>0x000001f3b62dbe30 JavaThread "C2 CompilerThread0"         daemon [_thread_in_native, id=22780, stack(0x000000c959c00000,0x000000c959d00000) (1024K)]
  0x000001f3b62e1580 JavaThread "C1 CompilerThread0"         daemon [_thread_in_native, id=11800, stack(0x000000c959d00000,0x000000c959e00000) (1024K)]
  0x000001f39b7669b0 JavaThread "Common-Cleaner"             daemon [_thread_blocked, id=2288, stack(0x000000c959e00000,0x000000c959f00000) (1024K)]
  0x000001f3b65a8df0 JavaThread "Monitor Ctrl-Break"         daemon [_thread_in_native, id=7820, stack(0x000000c959f00000,0x000000c95a000000) (1024K)]
  0x000001f3b65abde0 JavaThread "Notification Thread"        daemon [_thread_blocked, id=12848, stack(0x000000c95a000000,0x000000c95a100000) (1024K)]
  0x000001f3fc697aa0 JavaThread "ForkJoinPool.commonPool-worker-1" daemon [_thread_blocked, id=19748, stack(0x000000c95a500000,0x000000c95a600000) (1024K)]
  0x000001f3fc68e760 JavaThread "ForkJoinPool.commonPool-worker-2" daemon [_thread_blocked, id=3444, stack(0x000000c95a600000,0x000000c95a700000) (1024K)]
  0x000001f3fc705d60 JavaThread "TestNG-test-test-1"                [_thread_blocked, id=21932, stack(0x000000c95a700000,0x000000c95a800000) (1024K)]
  0x000001f3fc719ea0 JavaThread "TestNG-test-test-2"                [_thread_blocked, id=10980, stack(0x000000c95a800000,0x000000c95a900000) (1024K)]
  0x000001f3fc8100c0 JavaThread "TestNG-PoolService-1"              [_thread_in_Java, id=8208, stack(0x000000c95a900000,0x000000c95aa00000) (1024K)]
  0x000001f3fc810730 JavaThread "TestNG-PoolService-1"              [_thread_in_Java, id=18292, stack(0x000000c95aa00000,0x000000c95ab00000) (1024K)]
  0x000001f3fc6fbd10 JavaThread "Forwarding newSession on session null to remote"        [_thread_blocked, id=16180, stack(0x000000c95ab00000,0x000000c95ac00000) (1024K)]
  0x000001f3fc6d1ac0 JavaThread "Forwarding newSession on session null to remote"        [_thread_blocked, id=21124, stack(0x000000c95ac00000,0x000000c95ad00000) (1024K)]
  0x000001f3fc6d2e70 JavaThread "HttpClient-3-SelectorManager" daemon [_thread_in_native, id=5352, stack(0x000000c95ad00000,0x000000c95ae00000) (1024K)]
  0x000001f3fc6d0710 JavaThread "HttpClient-4-SelectorManager" daemon [_thread_in_native, id=16768, stack(0x000000c95ae00000,0x000000c95af00000) (1024K)]
  0x000001f3fc6d0080 JavaThread "HttpClient-1-SelectorManager" daemon [_thread_in_native, id=6692, stack(0x000000c95af00000,0x000000c95b000000) (1024K)]
  0x000001f3fc6d0da0 JavaThread "HttpClient-2-SelectorManager" daemon [_thread_in_native, id=1436, stack(0x000000c95b000000,0x000000c95b100000) (1024K)]
  0x000001f3fc6d3500 JavaThread "External Process Output Forwarder - C:\Users\Abbey\.cache\selenium\chromedriver\win64\122.0.6261.128\chromedriver.exe" daemon [_thread_in_native, id=16296, stack(0x000000c95b100000,0x000000c95b200000) (1024K)]
  0x000001f3fc6d2150 JavaThread "Driver Service Executor"    daemon [_thread_blocked, id=22772, stack(0x000000c95b200000,0x000000c95b300000) (1024K)]
  0x000001f3fc6d1430 JavaThread "Driver Service Executor"    daemon [_thread_in_native, id=19564, stack(0x000000c95b300000,0x000000c95b400000) (1024K)]
  0x000001f3fc9635d0 JavaThread "External Process Output Forwarder - C:\Users\Abbey\.cache\selenium\chromedriver\win64\122.0.6261.128\chromedriver.exe" daemon [_thread_in_native, id=20356, stack(0x000000c95b400000,0x000000c95b500000) (1024K)]
  0x000001f3fc962220 JavaThread "Driver Service Executor"    daemon [_thread_blocked, id=18896, stack(0x000000c95b500000,0x000000c95b600000) (1024K)]
  0x000001f3fc9663c0 JavaThread "Driver Service Executor"    daemon [_thread_in_native, id=10832, stack(0x000000c95b600000,0x000000c95b700000) (1024K)]
  0x000001f3fc9642f0 JavaThread "UrlChecker-2"               daemon [_thread_blocked, id=8364, stack(0x000000c95b700000,0x000000c95b800000) (1024K)]
  0x000001f3fc964980 JavaThread "UrlChecker-3"               daemon [_thread_blocked, id=23180, stack(0x000000c95b800000,0x000000c95b900000) (1024K)]
  0x000001f3fc9656a0 JavaThread "External Process Output Forwarder - C:\Users\Abbey\.cache\selenium\chromedriver\win64\122.0.6261.128\chromedriver.exe" daemon [_thread_in_native, id=19504, stack(0x000000c95ba00000,0x000000c95bb00000) (1024K)]
  0x000001f3fc960e70 JavaThread "Driver Service Executor"    daemon [_thread_blocked, id=22444, stack(0x000000c95bb00000,0x000000c95bc00000) (1024K)]
  0x000001f3fc961500 JavaThread "Driver Service Executor"    daemon [_thread_in_native, id=15124, stack(0x000000c95bc00000,0x000000c95bd00000) (1024K)]
  0x000001f3fc966a50 JavaThread "UrlChecker-4"               daemon [_thread_blocked, id=18828, stack(0x000000c95bd00000,0x000000c95be00000) (1024K)]
  0x000001f3fc961b90 JavaThread "External Process Output Forwarder - C:\Users\Abbey\.cache\selenium\chromedriver\win64\122.0.6261.128\chromedriver.exe" daemon [_thread_in_native, id=1984, stack(0x000000c95be00000,0x000000c95bf00000) (1024K)]
  0x000001f3fc9628b0 JavaThread "Driver Service Executor"    daemon [_thread_blocked, id=4552, stack(0x000000c95bf00000,0x000000c95c000000) (1024K)]
  0x000001f3fc965010 JavaThread "Driver Service Executor"    daemon [_thread_in_native, id=9952, stack(0x000000c95c000000,0x000000c95c100000) (1024K)]
  0x000001f3fc962f40 JavaThread "UrlChecker-5"               daemon [_thread_blocked, id=4684, stack(0x000000c95c100000,0x000000c95c200000) (1024K)]
  0x000001f3fc9670e0 JavaThread "Keep-Alive-Timer"           daemon [_thread_blocked, id=19732, stack(0x000000c95a100000,0x000000c95a200000) (1024K)]
  0x000001f3fc963c60 JavaThread "pool-3-thread-1"                   [_thread_blocked, id=1748, stack(0x000000c95c200000,0x000000c95c300000) (1024K)]
  0x000001f3fc965d30 JavaThread "pool-2-thread-1"                   [_thread_blocked, id=944, stack(0x000000c95c300000,0x000000c95c400000) (1024K)]
  0x000001f3fc960150 JavaThread "pool-4-thread-1"                   [_thread_blocked, id=12120, stack(0x000000c95c400000,0x000000c95c500000) (1024K)]
  0x000001f3fc967770 JavaThread "pool-1-thread-1"                   [_thread_blocked, id=15028, stack(0x000000c95c500000,0x000000c95c600000) (1024K)]
  0x000001f3fc9607e0 JavaThread "pool-4-thread-2"                   [_thread_blocked, id=11896, stack(0x000000c95c600000,0x000000c95c700000) (1024K)]
  0x000001f3fd1c0900 JavaThread "pool-1-thread-2"                   [_thread_blocked, id=3976, stack(0x000000c95c700000,0x000000c95c800000) (1024K)]
  0x000001f3fd1c7200 JavaThread "pool-2-thread-2"                   [_thread_blocked, id=15224, stack(0x000000c95c800000,0x000000c95c900000) (1024K)]
  0x000001f3fd1c1cb0 JavaThread "pool-3-thread-2"                   [_thread_blocked, id=13544, stack(0x000000c95c900000,0x000000c95ca00000) (1024K)]
  0x000001f3fd1c7f20 JavaThread "pool-4-thread-3"                   [_thread_blocked, id=14460, stack(0x000000c95ca00000,0x000000c95cb00000) (1024K)]
  0x000001f3fd1c57c0 JavaThread "pool-3-thread-3"                   [_thread_blocked, id=20980, stack(0x000000c95cb00000,0x000000c95cc00000) (1024K)]
  0x000001f3fd1c3d80 JavaThread "HttpClient-5-SelectorManager" daemon [_thread_in_native, id=10192, stack(0x000000c95cc00000,0x000000c95cd00000) (1024K)]
  0x000001f3fd1c2340 JavaThread "pool-5-thread-1"                   [_thread_blocked, id=18676, stack(0x000000c95cd00000,0x000000c95ce00000) (1024K)]
  0x000001f3fd1c5e50 JavaThread "pool-5-thread-2"                   [_thread_blocked, id=19108, stack(0x000000c95ce00000,0x000000c95cf00000) (1024K)]
  0x000001f3fd1c0f90 JavaThread "pool-5-thread-3"                   [_thread_blocked, id=17936, stack(0x000000c95cf00000,0x000000c95d000000) (1024K)]
  0x000001f3fd1c4410 JavaThread "HttpClient-6-SelectorManager" daemon [_thread_in_native, id=12344, stack(0x000000c95d000000,0x000000c95d100000) (1024K)]
  0x000001f3fd1c6b70 JavaThread "pool-6-thread-1"                   [_thread_blocked, id=15152, stack(0x000000c95d100000,0x000000c95d200000) (1024K)]
  0x000001f3fd1c36f0 JavaThread "pool-6-thread-2"                   [_thread_blocked, id=4772, stack(0x000000c95d200000,0x000000c95d300000) (1024K)]
  0x000001f3fd1c5130 JavaThread "pool-6-thread-3"                   [_thread_blocked, id=9036, stack(0x000000c95d300000,0x000000c95d400000) (1024K)]
Total: 59

Other Threads:
  0x000001f39b77f4d0 VMThread "VM Thread"                           [id=14044, stack(0x000000c959500000,0x000000c959600000) (1024K)]
  0x000001f39b765e70 WatcherThread "VM Periodic Task Thread"        [id=19988, stack(0x000000c959400000,0x000000c959500000) (1024K)]
  0x000001f39b6fe910 WorkerThread "GC Thread#0"                     [id=8756, stack(0x000000c958f00000,0x000000c959000000) (1024K)]
  0x000001f3fc55e0d0 WorkerThread "GC Thread#1"                     [id=17840, stack(0x000000c95a200000,0x000000c95a300000) (1024K)]
  0x000001f3fc66dad0 WorkerThread "GC Thread#2"                     [id=4604, stack(0x000000c95a300000,0x000000c95a400000) (1024K)]
  0x000001f3fc66de70 WorkerThread "GC Thread#3"                     [id=10088, stack(0x000000c95a400000,0x000000c95a500000) (1024K)]
  0x000001f39b707530 ConcurrentGCThread "G1 Main Marker"            [id=21552, stack(0x000000c959000000,0x000000c959100000) (1024K)]
  0x000001f39b7080f0 WorkerThread "G1 Conc#0"                       [id=22056, stack(0x000000c959100000,0x000000c959200000) (1024K)]
  0x000001f39b753a00 ConcurrentGCThread "G1 Refine#0"               [id=11528, stack(0x000000c959200000,0x000000c959300000) (1024K)]
  0x000001f39b754630 ConcurrentGCThread "G1 Service"                [id=14404, stack(0x000000c959300000,0x000000c959400000) (1024K)]
Total: 10

Threads with active compile tasks:
C2 CompilerThread0    12926 2242       4       java.util.HashSet::add (20 bytes)
Total: 1

VM state: not at safepoint (normal execution)

VM Mutex/Monitor currently owned by a thread: None

Heap address: 0x00000000c2800000, size: 984 MB, Compressed Oops mode: 32-bit

CDS archive(s) mapped at: [0x000001f3b7000000-0x000001f3b7c90000-0x000001f3b7c90000), size 13172736, SharedBaseAddress: 0x000001f3b7000000, ArchiveRelocationMode: 1.
Compressed class space mapped at: 0x000001f3b8000000-0x000001f3f8000000, reserved size: 1073741824
Narrow klass base: 0x000001f3b7000000, Narrow klass shift: 0, Narrow klass range: 0x100000000

GC Precious Log:
 CardTable entry size: 512
 Card Set container configuration: InlinePtr #cards 5 size 8 Array Of Cards #cards 12 size 40 Howl #buckets 4 coarsen threshold 1843 Howl Bitmap #cards 512 size 80 coarsen threshold 460 Card regions per heap region 1 cards per card region 2048
 CPUs: 4 total, 4 available
 Memory: 3930M
 Large Page Support: Disabled
 NUMA Support: Disabled
 Compressed Oops: Enabled (32-bit)
 Heap Region Size: 1M
 Heap Min Capacity: 8M
 Heap Initial Capacity: 62M
 Heap Max Capacity: 984M
 Pre-touch: Disabled
 Parallel Workers: 4
 Concurrent Workers: 1
 Concurrent Refinement Workers: 4
 Periodic GC: Disabled

Heap:
 garbage-first heap   total 63488K, used 27377K [0x00000000c2800000, 0x0000000100000000)
  region size 1024K, 25 young (25600K), 2 survivors (2048K)
 Metaspace       used 17067K, committed 17536K, reserved 1114112K
  class space    used 2218K, committed 2432K, reserved 1048576K

Heap Regions: E=young(eden), S=young(survivor), O=old, HS=humongous(starts), HC=humongous(continues), CS=collection set, F=free, TAMS=top-at-mark-start, PB=parsable bottom
|   0|0x00000000c2800000, 0x00000000c2900000, 0x00000000c2900000|100%| O|  |TAMS 0x00000000c2800000| PB 0x00000000c2800000| Untracked 
|   1|0x00000000c2900000, 0x00000000c2a00000, 0x00000000c2a00000|100%| O|  |TAMS 0x00000000c2900000| PB 0x00000000c2900000| Untracked 
|   2|0x00000000c2a00000, 0x00000000c2b00000, 0x00000000c2b00000|100%| O|  |TAMS 0x00000000c2a00000| PB 0x00000000c2a00000| Untracked 
|   3|0x00000000c2b00000, 0x00000000c2c00000, 0x00000000c2c00000|100%| O|  |TAMS 0x00000000c2b00000| PB 0x00000000c2b00000| Untracked 
|   4|0x00000000c2c00000, 0x00000000c2c7b7e0, 0x00000000c2d00000| 48%| O|  |TAMS 0x00000000c2c00000| PB 0x00000000c2c00000| Untracked 
|   5|0x00000000c2d00000, 0x00000000c2d00000, 0x00000000c2e00000|  0%| F|  |TAMS 0x00000000c2d00000| PB 0x00000000c2d00000| Untracked 
|   6|0x00000000c2e00000, 0x00000000c2e00000, 0x00000000c2f00000|  0%| F|  |TAMS 0x00000000c2e00000| PB 0x00000000c2e00000| Untracked 
|   7|0x00000000c2f00000, 0x00000000c2f00000, 0x00000000c3000000|  0%| F|  |TAMS 0x00000000c2f00000| PB 0x00000000c2f00000| Untracked 
|   8|0x00000000c3000000, 0x00000000c3000000, 0x00000000c3100000|  0%| F|  |TAMS 0x00000000c3000000| PB 0x00000000c3000000| Untracked 
|   9|0x00000000c3100000, 0x00000000c3100000, 0x00000000c3200000|  0%| F|  |TAMS 0x00000000c3100000| PB 0x00000000c3100000| Untracked 
|  10|0x00000000c3200000, 0x00000000c3200000, 0x00000000c3300000|  0%| F|  |TAMS 0x00000000c3200000| PB 0x00000000c3200000| Untracked 
|  11|0x00000000c3300000, 0x00000000c3300000, 0x00000000c3400000|  0%| F|  |TAMS 0x00000000c3300000| PB 0x00000000c3300000| Untracked 
|  12|0x00000000c3400000, 0x00000000c3400000, 0x00000000c3500000|  0%| F|  |TAMS 0x00000000c3400000| PB 0x00000000c3400000| Untracked 
|  13|0x00000000c3500000, 0x00000000c3500000, 0x00000000c3600000|  0%| F|  |TAMS 0x00000000c3500000| PB 0x00000000c3500000| Untracked 
|  14|0x00000000c3600000, 0x00000000c3600000, 0x00000000c3700000|  0%| F|  |TAMS 0x00000000c3600000| PB 0x00000000c3600000| Untracked 
|  15|0x00000000c3700000, 0x00000000c3700000, 0x00000000c3800000|  0%| F|  |TAMS 0x00000000c3700000| PB 0x00000000c3700000| Untracked 
|  16|0x00000000c3800000, 0x00000000c3800000, 0x00000000c3900000|  0%| F|  |TAMS 0x00000000c3800000| PB 0x00000000c3800000| Untracked 
|  17|0x00000000c3900000, 0x00000000c3900000, 0x00000000c3a00000|  0%| F|  |TAMS 0x00000000c3900000| PB 0x00000000c3900000| Untracked 
|  18|0x00000000c3a00000, 0x00000000c3a00000, 0x00000000c3b00000|  0%| F|  |TAMS 0x00000000c3a00000| PB 0x00000000c3a00000| Untracked 
|  19|0x00000000c3b00000, 0x00000000c3b00000, 0x00000000c3c00000|  0%| F|  |TAMS 0x00000000c3b00000| PB 0x00000000c3b00000| Untracked 
|  20|0x00000000c3c00000, 0x00000000c3c00000, 0x00000000c3d00000|  0%| F|  |TAMS 0x00000000c3c00000| PB 0x00000000c3c00000| Untracked 
|  21|0x00000000c3d00000, 0x00000000c3d00000, 0x00000000c3e00000|  0%| F|  |TAMS 0x00000000c3d00000| PB 0x00000000c3d00000| Untracked 
|  22|0x00000000c3e00000, 0x00000000c3e00000, 0x00000000c3f00000|  0%| F|  |TAMS 0x00000000c3e00000| PB 0x00000000c3e00000| Untracked 
|  23|0x00000000c3f00000, 0x00000000c3f00000, 0x00000000c4000000|  0%| F|  |TAMS 0x00000000c3f00000| PB 0x00000000c3f00000| Untracked 
|  24|0x00000000c4000000, 0x00000000c4000000, 0x00000000c4100000|  0%| F|  |TAMS 0x00000000c4000000| PB 0x00000000c4000000| Untracked 
|  25|0x00000000c4100000, 0x00000000c4100000, 0x00000000c4200000|  0%| F|  |TAMS 0x00000000c4100000| PB 0x00000000c4100000| Untracked 
|  26|0x00000000c4200000, 0x00000000c4200000, 0x00000000c4300000|  0%| F|  |TAMS 0x00000000c4200000| PB 0x00000000c4200000| Untracked 
|  27|0x00000000c4300000, 0x00000000c4300000, 0x00000000c4400000|  0%| F|  |TAMS 0x00000000c4300000| PB 0x00000000c4300000| Untracked 
|  28|0x00000000c4400000, 0x00000000c4400000, 0x00000000c4500000|  0%| F|  |TAMS 0x00000000c4400000| PB 0x00000000c4400000| Untracked 
|  29|0x00000000c4500000, 0x00000000c4500000, 0x00000000c4600000|  0%| F|  |TAMS 0x00000000c4500000| PB 0x00000000c4500000| Untracked 
|  30|0x00000000c4600000, 0x00000000c4600000, 0x00000000c4700000|  0%| F|  |TAMS 0x00000000c4600000| PB 0x00000000c4600000| Untracked 
|  31|0x00000000c4700000, 0x00000000c4700000, 0x00000000c4800000|  0%| F|  |TAMS 0x00000000c4700000| PB 0x00000000c4700000| Untracked 
|  32|0x00000000c4800000, 0x00000000c4800000, 0x00000000c4900000|  0%| F|  |TAMS 0x00000000c4800000| PB 0x00000000c4800000| Untracked 
|  33|0x00000000c4900000, 0x00000000c4900000, 0x00000000c4a00000|  0%| F|  |TAMS 0x00000000c4900000| PB 0x00000000c4900000| Untracked 
|  34|0x00000000c4a00000, 0x00000000c4a00000, 0x00000000c4b00000|  0%| F|  |TAMS 0x00000000c4a00000| PB 0x00000000c4a00000| Untracked 
|  35|0x00000000c4b00000, 0x00000000c4b00000, 0x00000000c4c00000|  0%| F|  |TAMS 0x00000000c4b00000| PB 0x00000000c4b00000| Untracked 
|  36|0x00000000c4c00000, 0x00000000c4c00000, 0x00000000c4d00000|  0%| F|  |TAMS 0x00000000c4c00000| PB 0x00000000c4c00000| Untracked 
|  37|0x00000000c4d00000, 0x00000000c4dc07e0, 0x00000000c4e00000| 75%| E|  |TAMS 0x00000000c4d00000| PB 0x00000000c4d00000| Complete 
|  38|0x00000000c4e00000, 0x00000000c4f00000, 0x00000000c4f00000|100%| E|CS|TAMS 0x00000000c4e00000| PB 0x00000000c4e00000| Complete 
|  39|0x00000000c4f00000, 0x00000000c5000000, 0x00000000c5000000|100%| E|CS|TAMS 0x00000000c4f00000| PB 0x00000000c4f00000| Complete 
|  40|0x00000000c5000000, 0x00000000c5100000, 0x00000000c5100000|100%| E|CS|TAMS 0x00000000c5000000| PB 0x00000000c5000000| Complete 
|  41|0x00000000c5100000, 0x00000000c5200000, 0x00000000c5200000|100%| E|CS|TAMS 0x00000000c5100000| PB 0x00000000c5100000| Complete 
|  42|0x00000000c5200000, 0x00000000c5300000, 0x00000000c5300000|100%| E|CS|TAMS 0x00000000c5200000| PB 0x00000000c5200000| Complete 
|  43|0x00000000c5300000, 0x00000000c5400000, 0x00000000c5400000|100%| E|CS|TAMS 0x00000000c5300000| PB 0x00000000c5300000| Complete 
|  44|0x00000000c5400000, 0x00000000c5500000, 0x00000000c5500000|100%| E|CS|TAMS 0x00000000c5400000| PB 0x00000000c5400000| Complete 
|  45|0x00000000c5500000, 0x00000000c5540d30, 0x00000000c5600000| 25%| S|CS|TAMS 0x00000000c5500000| PB 0x00000000c5500000| Complete 
|  46|0x00000000c5600000, 0x00000000c5700000, 0x00000000c5700000|100%| S|CS|TAMS 0x00000000c5600000| PB 0x00000000c5600000| Complete 
|  47|0x00000000c5700000, 0x00000000c5800000, 0x00000000c5800000|100%| E|CS|TAMS 0x00000000c5700000| PB 0x00000000c5700000| Complete 
|  48|0x00000000c5800000, 0x00000000c5900000, 0x00000000c5900000|100%| E|CS|TAMS 0x00000000c5800000| PB 0x00000000c5800000| Complete 
|  49|0x00000000c5900000, 0x00000000c5a00000, 0x00000000c5a00000|100%| E|CS|TAMS 0x00000000c5900000| PB 0x00000000c5900000| Complete 
|  50|0x00000000c5a00000, 0x00000000c5b00000, 0x00000000c5b00000|100%| E|CS|TAMS 0x00000000c5a00000| PB 0x00000000c5a00000| Complete 
|  51|0x00000000c5b00000, 0x00000000c5c00000, 0x00000000c5c00000|100%| E|CS|TAMS 0x00000000c5b00000| PB 0x00000000c5b00000| Complete 
|  52|0x00000000c5c00000, 0x00000000c5d00000, 0x00000000c5d00000|100%| E|CS|TAMS 0x00000000c5c00000| PB 0x00000000c5c00000| Complete 
|  53|0x00000000c5d00000, 0x00000000c5e00000, 0x00000000c5e00000|100%| E|CS|TAMS 0x00000000c5d00000| PB 0x00000000c5d00000| Complete 
|  54|0x00000000c5e00000, 0x00000000c5f00000, 0x00000000c5f00000|100%| E|CS|TAMS 0x00000000c5e00000| PB 0x00000000c5e00000| Complete 
|  55|0x00000000c5f00000, 0x00000000c6000000, 0x00000000c6000000|100%| E|CS|TAMS 0x00000000c5f00000| PB 0x00000000c5f00000| Complete 
|  56|0x00000000c6000000, 0x00000000c6100000, 0x00000000c6100000|100%| E|CS|TAMS 0x00000000c6000000| PB 0x00000000c6000000| Complete 
|  57|0x00000000c6100000, 0x00000000c6200000, 0x00000000c6200000|100%| E|CS|TAMS 0x00000000c6100000| PB 0x00000000c6100000| Complete 
|  58|0x00000000c6200000, 0x00000000c6300000, 0x00000000c6300000|100%| E|CS|TAMS 0x00000000c6200000| PB 0x00000000c6200000| Complete 
|  59|0x00000000c6300000, 0x00000000c6400000, 0x00000000c6400000|100%| E|  |TAMS 0x00000000c6300000| PB 0x00000000c6300000| Complete 
|  60|0x00000000c6400000, 0x00000000c6500000, 0x00000000c6500000|100%| E|CS|TAMS 0x00000000c6400000| PB 0x00000000c6400000| Complete 
|  61|0x00000000c6500000, 0x00000000c6600000, 0x00000000c6600000|100%| E|CS|TAMS 0x00000000c6500000| PB 0x00000000c6500000| Complete 

Card table byte_map: [0x000001f3b2d20000,0x000001f3b2f10000] _byte_map_base: 0x000001f3b270c000

Marking Bits: (CMBitMap*) 0x000001f39b6fef20
 Bits: [0x000001f3b2f10000, 0x000001f3b3e70000)

Polling page: 0x000001f399670000

Metaspace:

Usage:
  Non-class:     14.51 MB used.
      Class:      2.17 MB used.
       Both:     16.67 MB used.

Virtual space:
  Non-class space:       64.00 MB reserved,      14.75 MB ( 23%) committed,  1 nodes.
      Class space:        1.00 GB reserved,       2.38 MB ( <1%) committed,  1 nodes.
             Both:        1.06 GB reserved,      17.12 MB (  2%) committed. 

Chunk freelists:
   Non-Class:  896.00 KB
       Class:  13.64 MB
        Both:  14.52 MB

MaxMetaspaceSize: unlimited
CompressedClassSpaceSize: 1.00 GB
Initial GC threshold: 21.00 MB
Current GC threshold: 21.00 MB
CDS: on
 - commit_granule_bytes: 65536.
 - commit_granule_words: 8192.
 - virtual_space_node_default_size: 8388608.
 - enlarge_chunks_in_place: 1.
 - use_allocation_guard: 0.


Internal statistics:

num_allocs_failed_limit: 0.
num_arena_births: 644.
num_arena_deaths: 0.
num_vsnodes_births: 2.
num_vsnodes_deaths: 0.
num_space_committed: 274.
num_space_uncommitted: 0.
num_chunks_returned_to_freelist: 0.
num_chunks_taken_from_freelist: 1180.
num_chunk_merges: 0.
num_chunk_splits: 681.
num_chunks_enlarged: 319.
num_inconsistent_stats: 0.

CodeHeap 'non-profiled nmethods': size=120000Kb used=902Kb max_used=902Kb free=119097Kb
 bounds [0x000001f3ab600000, 0x000001f3ab870000, 0x000001f3b2b30000]
CodeHeap 'profiled nmethods': size=120000Kb used=4355Kb max_used=4355Kb free=115644Kb
 bounds [0x000001f3a3b30000, 0x000001f3a3f80000, 0x000001f3ab060000]
CodeHeap 'non-nmethods': size=5760Kb used=1510Kb max_used=1550Kb free=4249Kb
 bounds [0x000001f3ab060000, 0x000001f3ab2d0000, 0x000001f3ab600000]
 total_blobs=2877 nmethods=2297 adapters=484
 compilation: enabled
              stopped_count=0, restarted_count=0
 full_count=0

Compilation events (20 events):
Event: 12.814 Thread 0x000001f3b62e1580 nmethod 2247 0x000001f3a3f55f90 code [0x000001f3a3f56160, 0x000001f3a3f563d0]
Event: 12.814 Thread 0x000001f3b62e1580 2252   !   3       java.util.ImmutableCollections$ListItr::next (34 bytes)
Event: 12.815 Thread 0x000001f3b62e1580 nmethod 2252 0x000001f3a3f56510 code [0x000001f3a3f566e0, 0x000001f3a3f569d0]
Event: 12.815 Thread 0x000001f3b62e1580 2250       3       java.util.stream.Sink::begin (1 bytes)
Event: 12.815 Thread 0x000001f3b62e1580 nmethod 2250 0x000001f3a3f56b10 code [0x000001f3a3f56ca0, 0x000001f3a3f56da8]
Event: 12.815 Thread 0x000001f3b62e1580 2251       3       java.util.stream.FindOps$FindSink::<init> (5 bytes)
Event: 12.815 Thread 0x000001f3b62e1580 nmethod 2251 0x000001f3a3f56e10 code [0x000001f3a3f56fc0, 0x000001f3a3f57128]
Event: 12.815 Thread 0x000001f3b62e1580 2253       3       java.lang.invoke.VarHandleReferences$FieldInstanceReadWrite::set (35 bytes)
Event: 12.816 Thread 0x000001f3b62e1580 nmethod 2253 0x000001f3a3f57210 code [0x000001f3a3f57440, 0x000001f3a3f57c20]
Event: 12.816 Thread 0x000001f3b62e1580 2254       3       java.util.concurrent.ForkJoinTask::<init> (5 bytes)
Event: 12.816 Thread 0x000001f3b62e1580 nmethod 2254 0x000001f3a3f57f10 code [0x000001f3a3f580c0, 0x000001f3a3f58228]
Event: 12.821 Thread 0x000001f3b62e1580 2255       3       java.util.stream.FindOps$FindSink$OfRef::get (19 bytes)
Event: 12.822 Thread 0x000001f3b62e1580 nmethod 2255 0x000001f3a3f58310 code [0x000001f3a3f58500, 0x000001f3a3f589b0]
Event: 12.822 Thread 0x000001f3b62e1580 2256       3       java.util.stream.FindOps::makeRef (14 bytes)
Event: 12.822 Thread 0x000001f3b62e1580 nmethod 2256 0x000001f3a3f58b90 code [0x000001f3a3f58d40, 0x000001f3a3f58eb0]
Event: 12.822 Thread 0x000001f3b62e1580 2257       3       java.util.stream.FindOps$FindSink$OfRef::get (5 bytes)
Event: 12.822 Thread 0x000001f3b62e1580 nmethod 2257 0x000001f3a3f58f10 code [0x000001f3a3f59100, 0x000001f3a3f59618]
Event: 12.830 Thread 0x000001f3b62e1580 2258       3       java.util.stream.FindOps$FindSink$OfRef::<init> (5 bytes)
Event: 12.830 Thread 0x000001f3b62e1580 nmethod 2258 0x000001f3a3f59810 code [0x000001f3a3f599c0, 0x000001f3a3f59b88]
Event: 12.835 Thread 0x000001f3b62e1580 2259       3       java.lang.invoke.StringConcatFactory::parseRecipe (213 bytes)

GC Heap History (4 events):
Event: 1.185 GC heap before
{Heap before GC invocations=0 (full 0):
 garbage-first heap   total 63488K, used 13312K [0x00000000c2800000, 0x0000000100000000)
  region size 1024K, 13 young (13312K), 0 survivors (0K)
 Metaspace       used 5596K, committed 5824K, reserved 1114112K
  class space    used 598K, committed 704K, reserved 1048576K
}
Event: 1.195 GC heap after
{Heap after GC invocations=1 (full 0):
 garbage-first heap   total 63488K, used 4288K [0x00000000c2800000, 0x0000000100000000)
  region size 1024K, 2 young (2048K), 2 survivors (2048K)
 Metaspace       used 5596K, committed 5824K, reserved 1114112K
  class space    used 598K, committed 704K, reserved 1048576K
}
Event: 3.488 GC heap before
{Heap before GC invocations=1 (full 0):
 garbage-first heap   total 63488K, used 17600K [0x00000000c2800000, 0x0000000100000000)
  region size 1024K, 15 young (15360K), 2 survivors (2048K)
 Metaspace       used 9577K, committed 10048K, reserved 1114112K
  class space    used 1194K, committed 1408K, reserved 1048576K
}
Event: 3.494 GC heap after
{Heap after GC invocations=2 (full 0):
 garbage-first heap   total 63488K, used 5873K [0x00000000c2800000, 0x0000000100000000)
  region size 1024K, 2 young (2048K), 2 survivors (2048K)
 Metaspace       used 9577K, committed 10048K, reserved 1114112K
  class space    used 1194K, committed 1408K, reserved 1048576K
}

Dll operation events (12 events):
Event: 0.018 Loaded shared library C:\Program Files\Java\jdk-21\bin\java.dll
Event: 0.088 Loaded shared library C:\Program Files\Java\jdk-21\bin\jsvml.dll
Event: 0.225 Loaded shared library C:\Program Files\Java\jdk-21\bin\zip.dll
Event: 0.249 Loaded shared library C:\Program Files\Java\jdk-21\bin\instrument.dll
Event: 0.258 Loaded shared library C:\Program Files\Java\jdk-21\bin\net.dll
Event: 0.261 Loaded shared library C:\Program Files\Java\jdk-21\bin\nio.dll
Event: 0.268 Loaded shared library C:\Program Files\Java\jdk-21\bin\zip.dll
Event: 0.285 Loaded shared library C:\Program Files\JetBrains\IntelliJ IDEA Community Edition 2023.3.3\bin\breakgen64.dll
Event: 0.302 Loaded shared library C:\Program Files\Java\jdk-21\bin\extnet.dll
Event: 0.486 Loaded shared library C:\Program Files\Java\jdk-21\bin\verify.dll
Event: 0.496 Loaded shared library C:\Program Files\Java\jdk-21\bin\jimage.dll
Event: 3.860 Loaded shared library C:\Program Files\Java\jdk-21\bin\sunmscapi.dll

Deoptimization events (20 events):
Event: 3.951 Thread 0x000001f3fc6d1ac0 DEOPT PACKING pc=0x000001f3ab65a11c sp=0x000000c95acfd5d0
Event: 3.951 Thread 0x000001f3fc810730 DEOPT PACKING pc=0x000001f3ab6ad0b8 sp=0x000000c95aafd480
Event: 3.951 Thread 0x000001f3fc8100c0 Uncommon trap: reason=class_check action=maybe_recompile pc=0x000001f3ab6ad0b8 method=java.util.regex.Matcher.search(I)Z @ 121 c2
Event: 3.951 Thread 0x000001f3fc6fbd10 DEOPT UNPACKING pc=0x000001f3ab0b46a2 sp=0x000000c95abfd8a8 mode 2
Event: 3.951 Thread 0x000001f3fc8100c0 DEOPT PACKING pc=0x000001f3ab6ad0b8 sp=0x000000c95a9fd690
Event: 3.951 Thread 0x000001f3fc8100c0 DEOPT UNPACKING pc=0x000001f3ab0b46a2 sp=0x000000c95a9fd650 mode 2
Event: 3.951 Thread 0x000001f3fc6d1ac0 DEOPT UNPACKING pc=0x000001f3ab0b46a2 sp=0x000000c95acfd588 mode 2
Event: 3.951 Thread 0x000001f3fc810730 DEOPT UNPACKING pc=0x000001f3ab0b46a2 sp=0x000000c95aafd440 mode 2
Event: 3.951 Thread 0x000001f3fc8100c0 Uncommon trap: trap_request=0xffffffde fr.pc=0x000001f3ab6ad0b8 relative=0x0000000000000698
Event: 3.951 Thread 0x000001f3fc810730 Uncommon trap: trap_request=0xffffffde fr.pc=0x000001f3ab6ad0b8 relative=0x0000000000000698
Event: 3.951 Thread 0x000001f3fc8100c0 Uncommon trap: reason=class_check action=maybe_recompile pc=0x000001f3ab6ad0b8 method=java.util.regex.Matcher.search(I)Z @ 121 c2
Event: 3.951 Thread 0x000001f3fc810730 Uncommon trap: reason=class_check action=maybe_recompile pc=0x000001f3ab6ad0b8 method=java.util.regex.Matcher.search(I)Z @ 121 c2
Event: 3.951 Thread 0x000001f3fc8100c0 DEOPT PACKING pc=0x000001f3ab6ad0b8 sp=0x000000c95a9fd770
Event: 3.951 Thread 0x000001f3fc810730 DEOPT PACKING pc=0x000001f3ab6ad0b8 sp=0x000000c95aafd560
Event: 3.951 Thread 0x000001f3fc8100c0 DEOPT UNPACKING pc=0x000001f3ab0b46a2 sp=0x000000c95a9fd730 mode 2
Event: 3.951 Thread 0x000001f3fc810730 DEOPT UNPACKING pc=0x000001f3ab0b46a2 sp=0x000000c95aafd520 mode 2
Event: 12.725 Thread 0x000001f3fc810730 Uncommon trap: trap_request=0xffffff45 fr.pc=0x000001f3ab6d30f0 relative=0x0000000000001050
Event: 12.725 Thread 0x000001f3fc810730 Uncommon trap: reason=unstable_if action=reinterpret pc=0x000001f3ab6d30f0 method=java.util.concurrent.ConcurrentHashMap.putVal(Ljava/lang/Object;Ljava/lang/Object;Z)Ljava/lang/Object; @ 231 c2
Event: 12.725 Thread 0x000001f3fc810730 DEOPT PACKING pc=0x000001f3ab6d30f0 sp=0x000000c95aafe050
Event: 12.725 Thread 0x000001f3fc810730 DEOPT UNPACKING pc=0x000001f3ab0b46a2 sp=0x000000c95aafdfd0 mode 2

Classes loaded (20 events):
Event: 12.684 Loading class jdk/internal/access/JavaUtilCollectionAccess done
Event: 12.685 Loading class java/util/ImmutableCollections$Access$1 done
Event: 12.789 Loading class java/util/LinkedList$DescendingIterator
Event: 12.789 Loading class java/util/LinkedList$DescendingIterator done
Event: 12.797 Loading class java/util/concurrent/locks/ReadWriteLock
Event: 12.798 Loading class java/util/concurrent/locks/ReadWriteLock done
Event: 12.800 Loading class java/util/concurrent/locks/ReentrantReadWriteLock
Event: 12.800 Loading class java/util/concurrent/locks/ReentrantReadWriteLock done
Event: 12.801 Loading class java/util/concurrent/locks/ReentrantReadWriteLock$FairSync
Event: 12.801 Loading class java/util/concurrent/locks/ReentrantReadWriteLock$Sync
Event: 12.801 Loading class java/util/concurrent/locks/ReentrantReadWriteLock$Sync done
Event: 12.801 Loading class java/util/concurrent/locks/ReentrantReadWriteLock$FairSync done
Event: 12.801 Loading class java/util/concurrent/locks/ReentrantReadWriteLock$Sync$ThreadLocalHoldCounter
Event: 12.802 Loading class java/util/concurrent/locks/ReentrantReadWriteLock$Sync$ThreadLocalHoldCounter done
Event: 12.802 Loading class java/util/concurrent/locks/ReentrantReadWriteLock$ReadLock
Event: 12.802 Loading class java/util/concurrent/locks/ReentrantReadWriteLock$ReadLock done
Event: 12.802 Loading class java/util/concurrent/locks/ReentrantReadWriteLock$WriteLock
Event: 12.802 Loading class java/util/concurrent/locks/ReentrantReadWriteLock$WriteLock done
Event: 12.828 Loading class sun/net/www/HeaderParser
Event: 12.829 Loading class sun/net/www/HeaderParser done

Classes unloaded (0 events):
No events

Classes redefined (0 events):
No events

Internal exceptions (20 events):
Event: 4.120 Thread 0x000001f3fc964980 Exception <a 'java/net/ConnectException'{0x00000000c5c808a8}: Connection refused: getsockopt> (0x00000000c5c808a8) 
thrown [s\open\src\hotspot\share\prims\jni.cpp, line 539]
Event: 4.120 Thread 0x000001f3fc9642f0 Exception <a 'java/net/ConnectException'{0x00000000c5c70d90}: Connection refused: getsockopt> (0x00000000c5c70d90) 
thrown [s\open\src\hotspot\share\prims\jni.cpp, line 539]
Event: 4.155 Thread 0x000001f3fc962f40 Exception <a 'java/net/ConnectException'{0x00000000c5b1bed8}: Connection refused: getsockopt> (0x00000000c5b1bed8) 
thrown [s\open\src\hotspot\share\prims\jni.cpp, line 539]
Event: 4.232 Thread 0x000001f3fc810730 Exception <a 'java/lang/NoSuchMethodError'{0x00000000c5a2edd8}: 'java.lang.Object java.lang.invoke.DirectMethodHandle$Holder.newInvokeSpecial(java.lang.Object, java.lang.Object, int, int)'> (0x00000000c5a2edd8) 
thrown [s\open\src\hotspot\share\interpreter\linkResolver.cpp, line 773]
Event: 4.234 Thread 0x000001f3fc810730 Exception <a 'java/lang/NoSuchMethodError'{0x00000000c5a39278}: 'void java.lang.invoke.DirectMethodHandle$Holder.invokeStatic(java.lang.Object, java.lang.Object, int)'> (0x00000000c5a39278) 
thrown [s\open\src\hotspot\share\interpreter\linkResolver.cpp, line 773]
Event: 4.302 Thread 0x000001f3fc6d1ac0 Exception <a 'java/lang/NoSuchMethodError'{0x00000000c58aa2c0}: 'void java.lang.invoke.DirectMethodHandle$Holder.invokeStatic(java.lang.Object, java.lang.Object, java.lang.Object, java.lang.Object, java.lang.Object, java.lang.Object, java.lang.Object)'> (0x00000000c58aa2c0) 
thrown [s\open\src\hotspot\share\interpreter\linkResolver.cpp, line 773]
Event: 4.302 Thread 0x000001f3fc810730 Exception <a 'java/lang/NoSuchMethodError'{0x00000000c58c60e8}: 'void java.lang.invoke.DirectMethodHandle$Holder.invokeStatic(java.lang.Object, java.lang.Object, java.lang.Object, java.lang.Object, java.lang.Object, java.lang.Object, java.lang.Object)'> (0x00000000c58c60e8) 
thrown [s\open\src\hotspot\share\interpreter\linkResolver.cpp, line 773]
Event: 4.337 Thread 0x000001f3fc960150 Exception <a 'java/lang/NoSuchMethodError'{0x00000000c57becd0}: 'long java.lang.invoke.DirectMethodHandle$Holder.invokeSpecial(java.lang.Object, java.lang.Object, long, java.lang.Object, java.lang.Object, java.lang.Object, int)'> (0x00000000c57becd0) 
thrown [s\open\src\hotspot\share\interpreter\linkResolver.cpp, line 773]
Event: 4.337 Thread 0x000001f3fc967770 Exception <a 'java/lang/NoSuchMethodError'{0x00000000c579b390}: 'long java.lang.invoke.DirectMethodHandle$Holder.invokeSpecial(java.lang.Object, java.lang.Object, long, java.lang.Object, java.lang.Object, java.lang.Object, int)'> (0x00000000c579b390) 
thrown [s\open\src\hotspot\share\interpreter\linkResolver.cpp, line 773]
Event: 4.340 Thread 0x000001f3fc965d30 Exception <a 'java/lang/NoSuchMethodError'{0x00000000c57d9db8}: 'long java.lang.invoke.DirectMethodHandle$Holder.invokeSpecial(java.lang.Object, java.lang.Object, java.lang.Object, java.lang.Object, int)'> (0x00000000c57d9db8) 
thrown [s\open\src\hotspot\share\interpreter\linkResolver.cpp, line 773]
Event: 4.340 Thread 0x000001f3fc967770 Exception <a 'java/lang/NoSuchMethodError'{0x00000000c540c270}: 'long java.lang.invoke.DirectMethodHandle$Holder.invokeSpecial(java.lang.Object, java.lang.Object, java.lang.Object, java.lang.Object, int)'> (0x00000000c540c270) 
thrown [s\open\src\hotspot\share\interpreter\linkResolver.cpp, line 773]
Event: 4.341 Thread 0x000001f3fc967770 Exception <a 'java/lang/NoSuchMethodError'{0x00000000c5413a10}: 'java.lang.Object java.lang.invoke.DirectMethodHandle$Holder.invokeSpecial(java.lang.Object, java.lang.Object, java.lang.Object, java.lang.Object, int)'> (0x00000000c5413a10) 
thrown [s\open\src\hotspot\share\interpreter\linkResolver.cpp, line 773]
Event: 4.341 Thread 0x000001f3fc960150 Exception <a 'java/lang/NoSuchMethodError'{0x00000000c54238f0}: 'java.lang.Object java.lang.invoke.DirectMethodHandle$Holder.invokeSpecial(java.lang.Object, java.lang.Object, java.lang.Object, java.lang.Object, int)'> (0x00000000c54238f0) 
thrown [s\open\src\hotspot\share\interpreter\linkResolver.cpp, line 773]
Event: 4.342 Thread 0x000001f3fc967770 Exception <a 'java/lang/NoSuchMethodError'{0x00000000c5417358}: 'java.lang.Object java.lang.invoke.Invokers$Holder.linkToTargetMethod(java.lang.Object, java.lang.Object, int, java.lang.Object)'> (0x00000000c5417358) 
thrown [s\open\src\hotspot\share\interpreter\linkResolver.cpp, line 773]
Event: 4.342 Thread 0x000001f3fc960150 Exception <a 'java/lang/NoSuchMethodError'{0x00000000c5426d28}: 'java.lang.Object java.lang.invoke.Invokers$Holder.linkToTargetMethod(java.lang.Object, java.lang.Object, int, java.lang.Object)'> (0x00000000c5426d28) 
thrown [s\open\src\hotspot\share\interpreter\linkResolver.cpp, line 773]
Event: 4.341 Thread 0x000001f3fc963c60 Exception <a 'java/lang/NoSuchMethodError'{0x00000000c57fc180}: 'java.lang.Object java.lang.invoke.DirectMethodHandle$Holder.invokeSpecial(java.lang.Object, java.lang.Object, java.lang.Object, java.lang.Object, int)'> (0x00000000c57fc180) 
thrown [s\open\src\hotspot\share\interpreter\linkResolver.cpp, line 773]
Event: 4.342 Thread 0x000001f3fc963c60 Exception <a 'java/lang/NoSuchMethodError'{0x00000000c57ff5b8}: 'java.lang.Object java.lang.invoke.Invokers$Holder.linkToTargetMethod(java.lang.Object, java.lang.Object, int, java.lang.Object)'> (0x00000000c57ff5b8) 
thrown [s\open\src\hotspot\share\interpreter\linkResolver.cpp, line 773]
Event: 12.644 Thread 0x000001f3fd1c7f20 Exception <a 'java/lang/NoSuchMethodError'{0x00000000c52fec48}: 'java.lang.Object java.lang.invoke.DirectMethodHandle$Holder.newInvokeSpecial(java.lang.Object, java.lang.Object, long, java.lang.Object, java.lang.Object, java.lang.Object)'> (0x00000000c52fec48) 
thrown [s\open\src\hotspot\share\interpreter\linkResolver.cpp, line 773]
Event: 12.651 Thread 0x000001f3fd1c7f20 Exception <a 'java/lang/NoSuchMethodError'{0x00000000c5115328}: 'void java.lang.invoke.DirectMethodHandle$Holder.invokeSpecial(java.lang.Object, java.lang.Object, java.lang.Object, java.lang.Object, java.lang.Object, java.lang.Object, java.lang.Object)'> (0x00000000c5115328) 
thrown [s\open\src\hotspot\share\interpreter\linkResolver.cpp, line 773]
Event: 12.669 Thread 0x000001f3fc810730 Exception <a 'java/lang/NoSuchMethodError'{0x00000000c5173990}: 'java.lang.Object java.lang.invoke.DirectMethodHandle$Holder.invokeSpecialIFC(java.lang.Object, java.lang.Object, java.lang.Object)'> (0x00000000c5173990) 
thrown [s\open\src\hotspot\share\interpreter\linkResolver.cpp, line 773]

ZGC Phase Switch (0 events):
No events

VM Operations (20 events):
Event: 3.443 Executing VM operation: HandshakeAllThreads (Deoptimize)
Event: 3.443 Executing VM operation: HandshakeAllThreads (Deoptimize) done
Event: 3.488 Executing VM operation: G1CollectForAllocation (G1 Evacuation Pause)
Event: 3.495 Executing VM operation: G1CollectForAllocation (G1 Evacuation Pause) done
Event: 3.695 Executing VM operation: HandshakeAllThreads (Deoptimize)
Event: 3.695 Executing VM operation: HandshakeAllThreads (Deoptimize) done
Event: 4.179 Executing VM operation: HandshakeAllThreads (Deoptimize)
Event: 4.195 Executing VM operation: HandshakeAllThreads (Deoptimize) done
Event: 4.248 Executing VM operation: HandshakeAllThreads (Deoptimize)
Event: 4.248 Executing VM operation: HandshakeAllThreads (Deoptimize) done
Event: 4.281 Executing VM operation: HandshakeAllThreads (Deoptimize)
Event: 4.281 Executing VM operation: HandshakeAllThreads (Deoptimize) done
Event: 5.285 Executing VM operation: Cleanup
Event: 5.285 Executing VM operation: Cleanup done
Event: 12.624 Executing VM operation: HandshakeAllThreads (Deoptimize)
Event: 12.624 Executing VM operation: HandshakeAllThreads (Deoptimize) done
Event: 12.628 Executing VM operation: HandshakeAllThreads (Deoptimize)
Event: 12.628 Executing VM operation: HandshakeAllThreads (Deoptimize) done
Event: 12.628 Executing VM operation: Cleanup
Event: 12.629 Executing VM operation: Cleanup done

Events (20 events):
Event: 4.042 Thread 0x000001f3fc965010 Thread added: 0x000001f3fc965010
Event: 4.071 Thread 0x000001f3fc962f40 Thread added: 0x000001f3fc962f40
Event: 4.075 Thread 0x000001f3fc959940 Thread exited: 0x000001f3fc959940
Event: 4.178 Thread 0x000001f3fc9670e0 Thread added: 0x000001f3fc9670e0
Event: 4.320 Thread 0x000001f3fc963c60 Thread added: 0x000001f3fc963c60
Event: 4.320 Thread 0x000001f3fc965d30 Thread added: 0x000001f3fc965d30
Event: 4.320 Thread 0x000001f3fc960150 Thread added: 0x000001f3fc960150
Event: 4.321 Thread 0x000001f3fc967770 Thread added: 0x000001f3fc967770
Event: 4.389 Thread 0x000001f3fc9607e0 Thread added: 0x000001f3fc9607e0
Event: 4.389 Thread 0x000001f3fd1c0900 Thread added: 0x000001f3fd1c0900
Event: 4.389 Thread 0x000001f3fd1c7200 Thread added: 0x000001f3fd1c7200
Event: 4.389 Thread 0x000001f3fd1c1cb0 Thread added: 0x000001f3fd1c1cb0
Event: 4.396 Thread 0x000001f3fd1c7f20 Thread added: 0x000001f3fd1c7f20
Event: 4.397 Thread 0x000001f3fd1c57c0 Thread added: 0x000001f3fd1c57c0
Event: 12.757 Thread 0x000001f3fd1c3d80 Thread added: 0x000001f3fd1c3d80
Event: 12.758 Thread 0x000001f3fd1c2340 Thread added: 0x000001f3fd1c2340
Event: 12.778 Thread 0x000001f3fd1c5e50 Thread added: 0x000001f3fd1c5e50
Event: 12.778 Thread 0x000001f3fd1c0f90 Thread added: 0x000001f3fd1c0f90
Event: 12.821 Thread 0x000001f3fd1c4410 Thread added: 0x000001f3fd1c4410
Event: 12.821 Thread 0x000001f3fd1c6b70 Thread added: 0x000001f3fd1c6b70


Dynamic libraries:
0x00007ff722f10000 - 0x00007ff722f20000 	C:\Program Files\Java\jdk-21\bin\java.exe
0x00007ffe710f0000 - 0x00007ffe712e8000 	C:\WINDOWS\SYSTEM32\ntdll.dll
0x00007ffe70a60000 - 0x00007ffe70b1d000 	C:\WINDOWS\System32\KERNEL32.DLL
0x00007ffe6ea70000 - 0x00007ffe6ed66000 	C:\WINDOWS\System32\KERNELBASE.dll
0x00007ffe6e8d0000 - 0x00007ffe6e9d0000 	C:\WINDOWS\System32\ucrtbase.dll
0x00007ffe4e160000 - 0x00007ffe4e17b000 	C:\Program Files\Java\jdk-21\bin\VCRUNTIME140.dll
0x00007ffe4e600000 - 0x00007ffe4e619000 	C:\Program Files\Java\jdk-21\bin\jli.dll
0x00007ffe70870000 - 0x00007ffe70923000 	C:\WINDOWS\System32\ADVAPI32.dll
0x00007ffe6f2e0000 - 0x00007ffe6f37e000 	C:\WINDOWS\System32\msvcrt.dll
0x00007ffe70b20000 - 0x00007ffe70bbf000 	C:\WINDOWS\System32\sechost.dll
0x00007ffe706e0000 - 0x00007ffe70806000 	C:\WINDOWS\System32\RPCRT4.dll
0x00007ffe6ed70000 - 0x00007ffe6ed97000 	C:\WINDOWS\System32\bcrypt.dll
0x00007ffe70540000 - 0x00007ffe706de000 	C:\WINDOWS\System32\USER32.dll
0x00007ffe6f100000 - 0x00007ffe6f122000 	C:\WINDOWS\System32\win32u.dll
0x00007ffe5fcc0000 - 0x00007ffe5ff5a000 	C:\WINDOWS\WinSxS\amd64_microsoft.windows.common-controls_6595b64144ccf1df_6.0.19041.3636_none_60b6a03d71f818d5\COMCTL32.dll
0x00007ffe71080000 - 0x00007ffe710ab000 	C:\WINDOWS\System32\GDI32.dll
0x00007ffe6efe0000 - 0x00007ffe6f0f7000 	C:\WINDOWS\System32\gdi32full.dll
0x00007ffe6e9d0000 - 0x00007ffe6ea6d000 	C:\WINDOWS\System32\msvcp_win.dll
0x00007ffe60060000 - 0x00007ffe6006a000 	C:\WINDOWS\SYSTEM32\VERSION.dll
0x00007ffe70940000 - 0x00007ffe70972000 	C:\WINDOWS\System32\IMM32.DLL
0x00007ffe4e0d0000 - 0x00007ffe4e0dc000 	C:\Program Files\Java\jdk-21\bin\vcruntime140_1.dll
0x00007ffe4e040000 - 0x00007ffe4e0ce000 	C:\Program Files\Java\jdk-21\bin\msvcp140.dll
0x00007ffe4d320000 - 0x00007ffe4e037000 	C:\Program Files\Java\jdk-21\bin\server\jvm.dll
0x00007ffe702c0000 - 0x00007ffe7032b000 	C:\WINDOWS\System32\WS2_32.dll
0x00007ffe6e610000 - 0x00007ffe6e65b000 	C:\WINDOWS\SYSTEM32\POWRPROF.dll
0x00007ffe5b0d0000 - 0x00007ffe5b0f7000 	C:\WINDOWS\SYSTEM32\WINMM.dll
0x00007ffe6e5f0000 - 0x00007ffe6e602000 	C:\WINDOWS\SYSTEM32\UMPDC.dll
0x00007ffe6d040000 - 0x00007ffe6d052000 	C:\WINDOWS\SYSTEM32\kernel.appcore.dll
0x00007ffe4d220000 - 0x00007ffe4d22a000 	C:\Program Files\Java\jdk-21\bin\jimage.dll
0x00007ffe6ccc0000 - 0x00007ffe6cea4000 	C:\WINDOWS\SYSTEM32\DBGHELP.DLL
0x00007ffe627e0000 - 0x00007ffe62814000 	C:\WINDOWS\SYSTEM32\dbgcore.DLL
0x00007ffe6ef50000 - 0x00007ffe6efd2000 	C:\WINDOWS\System32\bcryptPrimitives.dll
0x00007ffe67980000 - 0x00007ffe6798f000 	C:\Program Files\Java\jdk-21\bin\instrument.dll
0x00007ffe4d200000 - 0x00007ffe4d21f000 	C:\Program Files\Java\jdk-21\bin\java.dll
0x00007ffe6f380000 - 0x00007ffe6fac5000 	C:\WINDOWS\System32\SHELL32.dll
0x00007ffe6c450000 - 0x00007ffe6cbec000 	C:\WINDOWS\SYSTEM32\windows.storage.dll
0x00007ffe70bc0000 - 0x00007ffe70f14000 	C:\WINDOWS\System32\combase.dll
0x00007ffe6e110000 - 0x00007ffe6e13e000 	C:\WINDOWS\SYSTEM32\Wldp.dll
0x00007ffe70fb0000 - 0x00007ffe7107d000 	C:\WINDOWS\System32\OLEAUT32.dll
0x00007ffe6fad0000 - 0x00007ffe6fb7d000 	C:\WINDOWS\System32\SHCORE.dll
0x00007ffe70980000 - 0x00007ffe709d5000 	C:\WINDOWS\System32\shlwapi.dll
0x00007ffe6e6e0000 - 0x00007ffe6e705000 	C:\WINDOWS\SYSTEM32\profapi.dll
0x00007ffe4cee0000 - 0x00007ffe4cfb7000 	C:\Program Files\Java\jdk-21\bin\jsvml.dll
0x00007ffe4ce80000 - 0x00007ffe4ce98000 	C:\Program Files\Java\jdk-21\bin\zip.dll
0x00007ffe4cec0000 - 0x00007ffe4ced0000 	C:\Program Files\Java\jdk-21\bin\net.dll
0x00007ffe61970000 - 0x00007ffe61a7a000 	C:\WINDOWS\SYSTEM32\WINHTTP.dll
0x00007ffe6de70000 - 0x00007ffe6deda000 	C:\WINDOWS\system32\mswsock.dll
0x00007ffe4cea0000 - 0x00007ffe4ceb6000 	C:\Program Files\Java\jdk-21\bin\nio.dll
0x00007ffe673c0000 - 0x00007ffe673da000 	C:\Program Files\JetBrains\IntelliJ IDEA Community Edition 2023.3.3\bin\breakgen64.dll
0x00007ffe61840000 - 0x00007ffe61849000 	C:\Program Files\Java\jdk-21\bin\extnet.dll
0x00007ffe4c750000 - 0x00007ffe4c760000 	C:\Program Files\Java\jdk-21\bin\verify.dll
0x00007ffe6e060000 - 0x00007ffe6e078000 	C:\WINDOWS\SYSTEM32\CRYPTSP.dll
0x00007ffe6d7a0000 - 0x00007ffe6d7d4000 	C:\WINDOWS\system32\rsaenh.dll
0x00007ffe6e660000 - 0x00007ffe6e68e000 	C:\WINDOWS\SYSTEM32\USERENV.dll
0x00007ffe6e080000 - 0x00007ffe6e08c000 	C:\WINDOWS\SYSTEM32\CRYPTBASE.dll
0x00007ffe6db60000 - 0x00007ffe6db9b000 	C:\WINDOWS\SYSTEM32\IPHLPAPI.DLL
0x00007ffe701e0000 - 0x00007ffe701e8000 	C:\WINDOWS\System32\NSI.dll
0x00007ffe6dba0000 - 0x00007ffe6dc6b000 	C:\WINDOWS\SYSTEM32\DNSAPI.dll
0x00007ffe5dec0000 - 0x00007ffe5deca000 	C:\Windows\System32\rasadhlp.dll
0x00007ffe5e3e0000 - 0x00007ffe5e460000 	C:\WINDOWS\System32\fwpuclnt.dll
0x00007ffe4bc90000 - 0x00007ffe4bc9e000 	C:\Program Files\Java\jdk-21\bin\sunmscapi.dll
0x00007ffe6eda0000 - 0x00007ffe6eefd000 	C:\WINDOWS\System32\CRYPT32.dll
0x00007ffe6e180000 - 0x00007ffe6e1a8000 	C:\WINDOWS\SYSTEM32\ncrypt.dll
0x00007ffe6e140000 - 0x00007ffe6e17b000 	C:\WINDOWS\SYSTEM32\NTASN1.dll
0x00007ffe4bbc0000 - 0x00007ffe4bbc7000 	C:\WINDOWS\system32\wshunix.dll

dbghelp: loaded successfully - version: 4.0.5 - missing functions: none
symbol engine: initialized successfully - sym options: 0x614 - pdb path: .;C:\Program Files\Java\jdk-21\bin;C:\WINDOWS\SYSTEM32;C:\WINDOWS\WinSxS\amd64_microsoft.windows.common-controls_6595b64144ccf1df_6.0.19041.3636_none_60b6a03d71f818d5;C:\Program Files\Java\jdk-21\bin\server;C:\Program Files\JetBrains\IntelliJ IDEA Community Edition 2023.3.3\bin

VM Arguments:
jvm_args: -ea -Didea.test.cyclic.buffer.size=1048576 -javaagent:C:\Program Files\JetBrains\IntelliJ IDEA Community Edition 2023.3.3\lib\idea_rt.jar=60447:C:\Program Files\JetBrains\IntelliJ IDEA Community Edition 2023.3.3\bin -Dfile.encoding=UTF-8 -Dsun.stdout.encoding=UTF-8 -Dsun.stderr.encoding=UTF-8 
java_command: com.intellij.rt.testng.RemoteTestNGStarter -usedefaultlisteners false -socket60446 @w@C:\Users\Abbey\AppData\Local\Temp\idea_working_dirs_testng.tmp -temp C:\Users\Abbey\AppData\Local\Temp\idea_testng.tmp
java_class_path (initial): C:\Program Files\JetBrains\IntelliJ IDEA Community Edition 2023.3.3\lib\idea_rt.jar;C:\Program Files\JetBrains\IntelliJ IDEA Community Edition 2023.3.3\plugins\testng\lib\testng-rt.jar;C:\Users\Abbey\IdeaProjects\SDA2024_TestNG\target\test-classes;C:\Users\Abbey\IdeaProjects\SDA2024_TestNG\target\classes;C:\Users\Abbey\.m2\repository\org\seleniumhq\selenium\selenium-java\4.18.1\selenium-java-4.18.1.jar;C:\Users\Abbey\.m2\repository\org\seleniumhq\selenium\selenium-api\4.18.1\selenium-api-4.18.1.jar;C:\Users\Abbey\.m2\repository\org\seleniumhq\selenium\selenium-chrome-driver\4.18.1\selenium-chrome-driver-4.18.1.jar;C:\Users\Abbey\.m2\repository\com\google\auto\service\auto-service-annotations\1.1.1\auto-service-annotations-1.1.1.jar;C:\Users\Abbey\.m2\repository\org\seleniumhq\selenium\selenium-chromium-driver\4.18.1\selenium-chromium-driver-4.18.1.jar;C:\Users\Abbey\.m2\repository\org\seleniumhq\selenium\selenium-json\4.18.1\selenium-json-4.18.1.jar;C:\Users\Abbey\.m2\repository\org\seleniumhq\selenium\selenium-manager\4.18.1\selenium-manager-4.18.1.jar;C:\Users\Abbey\.m2\repository\org\seleniumhq\selenium\selenium-devtools-v120\4.18.1\selenium-devtools-v120-4.18.1.jar;C:\Users\Abbey\.m2\repository\org\seleniumhq\selenium\selenium-devtools-v121\4.18.1\selenium-devtools-v121-4.18.1.jar;C:\Users\Abbey\.m2\repository\org\seleniumhq\selenium\selenium-devtools-v122\4.18.1\selenium-devtools-v122-4.18.1.jar;C:\Users\Abbey\.m2\repository\org\seleniumhq\selenium\selenium-devtools-v85\4.18.1\selenium-devtools-v85-4.18.1.jar;C:\Users\Abbey\.m2\repository\org\seleniumhq\selenium\selenium-edge-driver\4.18.1\selenium-edge-driver-4.18.1.jar;C:\Users\Abbey\.m2\repository\org\seleniumhq\selenium\selenium-firefox-driver\4.18.1\selenium-firefox-driver-4.18.1.jar;C:\Users\Abbey\.m2\repository\org\seleniumhq\selenium\selenium-http\4.18.1\selenium-http-4.18.1.jar;C:\Users\Abbey\.m2\repository\dev\failsafe\failsafe\3.3.2\failsafe-3.3.2.jar;C:\Users\Abbey\.m2\repository\org\seleniumhq\selenium\selenium-ie-driver\4.18.1\selenium-ie-driver-4.18.1.jar;C:\Users\Abbey\.m2\repository\org\seleniumhq\selenium\selenium-remote-driver\4.18.1\selenium-remote-driver-4.18.1.jar;C:\Users\Abbey\.m2\repository\com\google\guava\guava\33.0.0-jre\guava-33.0.0-jre.jar;C:\Users\Abbey\.m2\repository\com\google\guava\failureaccess\1.0.2\failureaccess-1.0.2.jar;C:\Users\Abbey\.m2\repository\com\google\guava\listenablefuture\9999.0-empty-to-avoid-conflict-with-guava\listenablefuture-9999.0-empty-to-avoid-conflict-with-guava.jar;C:\Users\Abbey\.m2\repository\com\google\code\findbugs\jsr305\3.0.2\jsr305-3.0.2.jar;C:\Users\Abbey\.m2\repository\org\checkerframework\checker-qual\3.41.0\checker-qual-3.41.0.jar;C:\Users\Abbey\.m2\repository\com\google\errorprone\error_prone_annotations\2.23.0\error_prone_annotations-2.23.0.jar;C:\Users\Abbey\.m2\repository\com\google\j2objc\j2objc-annotations\2.8\j2objc-annotations-2.8.jar;C:\Users\Abbey\.m2\repository\io\opentelemetry\semconv\opentelemetry-semconv\1.23.1-alpha\opentelemetry-semconv-1.23.1-alpha.jar;C:\Users\Abbey\.m2\repository\io\opentelemetry\opentelemetry-api\1.35.0\opentelemetry-api-1.35.0.jar;C:\Users\Abbey\.m2\repository\io\opentelemetry\opentelemetry-context\1.35.0\opentelemetry-context-1.35.0.jar;C:\Users\Abbey\.m2\repository\io\opentelemetry\opentelemetry-exporter-logging\1.35.0\opentelemetry-exporter-logging-1.35.0.jar;C:\Users\Abbey\.m2\repository\io\opentelemetry\opentelemetry-sdk-common\1.35.0\opentelemetry-sdk-common-1.35.0.jar;C:\Users\Abbey\.m2\repository\io\opentelemetry\opentelemetry-sdk-extension-autoconfigure-spi\1.35.0\opentelemetry-sdk-extension-autoconfigure-spi-1.35.0.jar;C:\Users\Abbey\.m2\repository\io\opentelemetry\opentelemetry-sdk-extension-autoconfigure\1.35.0\opentelemetry-sdk-extension-autoconfigure-1.35.0.jar;C:\Users\Abbey\.m2\repository\io\opentelemetry\opentelemetry-api-events\1.35.0-alpha\opentelemetry-api-events-1.35.0-alpha.jar;C:\Users\Abbey\.m2\repository\io\opentelemetry\opentelemetry-sdk-trace\1.35.0\opentelemetry-sdk-trace-1.35.0.jar;C:\Users\Abbey\.m2\repository\io\opentelemetry\opentelemetry-extension-incubator\1.35.0-alpha\opentelemetry-extension-incubator-1.35.0-alpha.jar;C:\Users\Abbey\.m2\repository\io\opentelemetry\opentelemetry-sdk\1.35.0\opentelemetry-sdk-1.35.0.jar;C:\Users\Abbey\.m2\repository\io\opentelemetry\opentelemetry-sdk-metrics\1.35.0\opentelemetry-sdk-metrics-1.35.0.jar;C:\Users\Abbey\.m2\repository\io\opentelemetry\opentelemetry-sdk-logs\1.35.0\opentelemetry-sdk-logs-1.35.0.jar;C:\Users\Abbey\.m2\repository\net\bytebuddy\byte-buddy\1.14.12\byte-buddy-1.14.12.jar;C:\Users\Abbey\.m2\repository\org\seleniumhq\selenium\selenium-os\4.18.1\selenium-os-4.18.1.jar;C:\Users\Abbey\.m2\repository\org\apache\commons\commons-exec\1.3\commons-exec-1.3.jar;C:\Users\Abbey\.m2\repository\org\seleniumhq\selenium\selenium-safari-driver\4.18.1\selenium-safari-driver-4.18.1.jar;C:\Users\Abbey\.m2\repository\org\seleniumhq\selenium\selenium-support\4.18.1\selenium-support-4.18.1.jar;C:\Users\Abbey\.m2\repository\org\testng\testng\7.9.0\testng-7.9.0.jar;C:\Users\Abbey\.m2\repository\org\slf4j\slf4j-api\1.7.36\slf4j-api-1.7.36.jar;C:\Users\Abbey\.m2\repository\com\beust\jcommander\1.82\jcommander-1.82.jar;C:\Users\Abbey\.m2\repository\org\webjars\jquery\3.7.1\jquery-3.7.1.jar;C:\Users\Abbey\.m2\repository\com\github\javafaker\javafaker\1.0.2\javafaker-1.0.2.jar;C:\Users\Abbey\.m2\repository\org\apache\commons\commons-lang3\3.5\commons-lang3-3.5.jar;C:\Users\Abbey\.m2\repository\org\yaml\snakeyaml\1.23\snakeyaml-1.23-android.jar;C:\Users\Abbey\.m2\repository\com\github\mifmif\generex\1.0.2\generex-1.0.2.jar;C:\Users\Abbey\.m2\repository\dk\brics\automaton\automaton\1.11-8\automaton-1.11-8.jar
Launcher Type: SUN_STANDARD

[Global flags]
     intx CICompilerCount                          = 3                                         {product} {ergonomic}
     uint ConcGCThreads                            = 1                                         {product} {ergonomic}
     uint G1ConcRefinementThreads                  = 4                                         {product} {ergonomic}
   size_t G1HeapRegionSize                         = 1048576                                   {product} {ergonomic}
    uintx GCDrainStackTargetSize                   = 64                                        {product} {ergonomic}
   size_t InitialHeapSize                          = 65011712                                  {product} {ergonomic}
   size_t MarkStackSize                            = 4194304                                   {product} {ergonomic}
   size_t MaxHeapSize                              = 1031798784                                {product} {ergonomic}
   size_t MaxNewSize                               = 618659840                                 {product} {ergonomic}
   size_t MinHeapDeltaBytes                        = 1048576                                   {product} {ergonomic}
   size_t MinHeapSize                              = 8388608                                   {product} {ergonomic}
    uintx NonNMethodCodeHeapSize                   = 5832780                                {pd product} {ergonomic}
    uintx NonProfiledCodeHeapSize                  = 122912730                              {pd product} {ergonomic}
    uintx ProfiledCodeHeapSize                     = 122912730                              {pd product} {ergonomic}
    uintx ReservedCodeCacheSize                    = 251658240                              {pd product} {ergonomic}
     bool SegmentedCodeCache                       = true                                      {product} {ergonomic}
   size_t SoftMaxHeapSize                          = 1031798784                             {manageable} {ergonomic}
     bool UseCompressedOops                        = true                           {product lp64_product} {ergonomic}
     bool UseG1GC                                  = true                                      {product} {ergonomic}
     bool UseLargePagesIndividualAllocation        = false                                  {pd product} {ergonomic}

Logging:
Log output configuration:
 #0: stdout all=warning uptime,level,tags foldmultilines=false
 #1: stderr all=off uptime,level,tags foldmultilines=false

Environment Variables:
JAVA_HOME=C:\Program Files\Java\jdk-21
PATH=C:\Program Files\Common Files\Oracle\Java\javapath;C:\Program Files (x86)\Intel\iCLS Client\;C:\Program Files\Intel\iCLS Client\;C:\WINDOWS\system32;C:\WINDOWS;C:\WINDOWS\System32\Wbem;C:\WINDOWS\System32\WindowsPowerShell\v1.0\;C:\Program Files (x86)\Intel\Intel(R) Management Engine Components\DAL;C:\Program Files\Intel\Intel(R) Management Engine Components\DAL;C:\Program Files (x86)\Intel\Intel(R) Management Engine Components\IPT;C:\Program Files\Intel\Intel(R) Management Engine Components\IPT;C:\Program Files\Intel\WiFi\bin\;C:\Program Files\Common Files\Intel\WirelessCommon\;C:\WINDOWS\System32\OpenSSH\;C:\xampp\php;C:\ProgramData\ComposerSetup\bin;C:\Program Files\Git\cmd;C:\Program Files\MySQL\MySQL Shell 8.0\bin\;C:\Users\Abbey\AppData\Local\Microsoft\WindowsApps;C:\Users\Abbey\AppData\Roaming\Composer\vendor\bin;C:\Program Files\Java\jdk-21\bin;C:\Program Files\apache-maven-3.9.6\bin
USERNAME=Abbey
OS=Windows_NT
PROCESSOR_IDENTIFIER=Intel64 Family 6 Model 142 Stepping 9, GenuineIntel
TMP=C:\Users\Abbey\AppData\Local\Temp
TEMP=C:\Users\Abbey\AppData\Local\Temp




Periodic native trim disabled

---------------  S Y S T E M  ---------------

OS:
 Windows 10 , 64 bit Build 19041 (10.0.19041.3636)
OS uptime: 14 days 2:48 hours

CPU: total 4 (initial active 4) (2 cores per cpu, 2 threads per core) family 6 model 142 stepping 9 microcode 0xb4, cx8, cmov, fxsr, ht, mmx, 3dnowpref, sse, sse2, sse3, ssse3, sse4.1, sse4.2, popcnt, lzcnt, tsc, tscinvbit, avx, avx2, aes, erms, clmul, bmi1, bmi2, adx, fma, vzeroupper, clflush, clflushopt, rdtscp, f16c
Processor Information for all 4 processors :
  Max Mhz: 1608, Current Mhz: 1005, Mhz Limit: 996

Memory: 4k page, system-wide physical 3930M (188M free)
TotalPageFile size 10795M (AvailPageFile size 1M)
current process WorkingSet (physical memory assigned to process): 105M, peak: 106M
current process commit charge ("private bytes"): 171M, peak: 177M

vm_info: Java HotSpot(TM) 64-Bit Server VM (21.0.2+13-LTS-58) for windows-amd64 JRE (21.0.2+13-LTS-58), built on 2024-01-05T18:32:24Z by "mach5one" with MS VC++ 17.1 (VS2022)

END.
